# Job 16: 61
# GPU: 4
# Command: python train.py --level 61 --dim 2048 --expansion 2.0 --data data/pile.txt --depth 20 --batch_size 16 --chunk_size 512 --lr 3e-4 --warmup_steps 100 --seed 42 --bf16 --train_minutes 10 --output benchmark_results/1b_10min_20260120_010008/61
# Started: 2026-01-20T01:13:19.914394
============================================================

Using device: cuda
Output directory: benchmark_results/1b_10min_20260120_010008/61/level61_100m_20260120_011325
Auto r_h_mode: none (level 61 has bounded/no W_h)
Model: Level 61, 1,007,364,096 parameters

Starting training from step 0...
Batch size: 16, Chunk size: 512
Gradient accumulation: 1, Effective batch: 16

Time-based training: 10.0 minutes
step     10 | loss 4.7512 | lr 2.70e-05 | grad 19.75 | tok/s 7550
step     20 | loss 3.3616 | lr 5.70e-05 | grad 8.38 | tok/s 12555
step     30 | loss 3.5782 | lr 8.70e-05 | grad 12.31 | tok/s 12499
step     40 | loss 3.8388 | lr 1.17e-04 | grad 15.31 | tok/s 12931
step     50 | loss 4.9766 | lr 1.47e-04 | grad 9.62 | tok/s 13420
step     60 | loss 4.0334 | lr 1.77e-04 | grad 4.31 | tok/s 13372
step     70 | loss 3.6765 | lr 2.07e-04 | grad 5.41 | tok/s 13317
step     80 | loss 3.7174 | lr 2.37e-04 | grad 6.38 | tok/s 13295
step     90 | loss 3.5769 | lr 2.67e-04 | grad 4.75 | tok/s 13245
step    100 | loss 3.5481 | lr 2.97e-04 | grad 4.94 | tok/s 13188
step    110 | loss 3.3380 | lr 6.94e-06 | grad 6.47 | tok/s 13262
step    120 | loss 4.1864 | lr 2.69e-05 | grad 6.53 | tok/s 12932
step    130 | loss 3.5704 | lr 5.89e-05 | grad 3.16 | tok/s 12621
step    140 | loss 3.0801 | lr 9.99e-05 | grad 2.89 | tok/s 12629
step    150 | loss 3.4449 | lr 1.46e-04 | grad 14.81 | tok/s 13017
step    160 | loss 3.1879 | lr 1.92e-04 | grad 12.00 | tok/s 13113
step    170 | loss 3.1972 | lr 2.35e-04 | grad 6.03 | tok/s 12397
step    180 | loss 3.0887 | lr 2.69e-04 | grad 4.59 | tok/s 12828
step    190 | loss 2.9877 | lr 2.91e-04 | grad 3.16 | tok/s 12258
step    200 | loss 2.5686 | lr 3.00e-04 | grad 3.52 | tok/s 13153
step    210 | loss 2.5264 | lr 2.94e-04 | grad 4.19 | tok/s 12703
step    220 | loss 2.8216 | lr 2.74e-04 | grad 7.38 | tok/s 12250
step    230 | loss 3.2349 | lr 2.42e-04 | grad 3.34 | tok/s 12300
step    240 | loss 2.6117 | lr 2.01e-04 | grad 3.86 | tok/s 12324
step    250 | loss 2.7685 | lr 1.55e-04 | grad 2.14 | tok/s 12360
step    260 | loss 2.4487 | lr 1.09e-04 | grad 1.74 | tok/s 12774
step    270 | loss 2.5289 | lr 6.65e-05 | grad 1.98 | tok/s 12787
step    280 | loss 2.2490 | lr 3.24e-05 | grad 1.78 | tok/s 12393
step    290 | loss 2.2944 | lr 9.84e-06 | grad 2.44 | tok/s 11916
step    300 | loss 2.3583 | lr 1.07e-06 | grad 2.45 | tok/s 12080
step    310 | loss 2.3532 | lr 6.94e-06 | grad 1.17 | tok/s 12339
step    320 | loss 2.1838 | lr 2.69e-05 | grad 1.97 | tok/s 11815
step    330 | loss 2.4470 | lr 5.89e-05 | grad 1.23 | tok/s 12348
step    340 | loss 2.5216 | lr 9.99e-05 | grad 5.50 | tok/s 12607
step    350 | loss 2.5255 | lr 1.46e-04 | grad 3.61 | tok/s 12361
step    360 | loss 2.5564 | lr 1.92e-04 | grad 4.28 | tok/s 12647
step    370 | loss 2.2581 | lr 2.35e-04 | grad 1.84 | tok/s 12402
step    380 | loss 2.2527 | lr 2.69e-04 | grad 1.73 | tok/s 12996
step    390 | loss 1.9890 | lr 2.91e-04 | grad 2.05 | tok/s 13112
step    400 | loss 1.8876 | lr 3.00e-04 | grad 2.31 | tok/s 12910
step    410 | loss 2.6255 | lr 2.94e-04 | grad 2.95 | tok/s 12558
step    420 | loss 2.4185 | lr 2.74e-04 | grad 2.66 | tok/s 12569
step    430 | loss 2.5386 | lr 2.42e-04 | grad 4.44 | tok/s 13178
step    440 | loss 2.3161 | lr 2.01e-04 | grad 3.11 | tok/s 12753
step    450 | loss 2.3510 | lr 1.55e-04 | grad 1.46 | tok/s 12559
step    460 | loss 2.0674 | lr 1.09e-04 | grad 2.75 | tok/s 12468
step    470 | loss 2.2024 | lr 6.65e-05 | grad 1.95 | tok/s 12473
step    480 | loss 2.2741 | lr 3.24e-05 | grad 1.90 | tok/s 13079
step    490 | loss 2.2830 | lr 9.84e-06 | grad 1.22 | tok/s 12658
step    500 | loss 2.1581 | lr 1.07e-06 | grad 1.66 | tok/s 12574
step    510 | loss 2.4050 | lr 6.94e-06 | grad 5.31 | tok/s 12356
step    520 | loss 2.1364 | lr 2.69e-05 | grad 1.25 | tok/s 11843
step    530 | loss 2.0655 | lr 5.89e-05 | grad 1.38 | tok/s 12609
step    540 | loss 2.2423 | lr 9.99e-05 | grad 1.74 | tok/s 12568
step    550 | loss 2.1891 | lr 1.46e-04 | grad 1.79 | tok/s 12287
step    560 | loss 1.9213 | lr 1.92e-04 | grad 2.59 | tok/s 12872
step    570 | loss 2.0843 | lr 2.35e-04 | grad 1.52 | tok/s 13250
step    580 | loss 1.9233 | lr 2.69e-04 | grad 1.58 | tok/s 13253
step    590 | loss 1.8165 | lr 2.91e-04 | grad 1.61 | tok/s 13249
step    600 | loss 1.9245 | lr 3.00e-04 | grad 1.93 | tok/s 13251
step    610 | loss 1.8169 | lr 2.94e-04 | grad 1.51 | tok/s 13243
step    620 | loss 1.7872 | lr 2.74e-04 | grad 1.27 | tok/s 13241
step    630 | loss 1.9693 | lr 2.42e-04 | grad 4.06 | tok/s 13062
step    640 | loss 2.1988 | lr 2.01e-04 | grad 3.08 | tok/s 12479
step    650 | loss 2.2007 | lr 1.55e-04 | grad 2.64 | tok/s 12404
step    660 | loss 2.0816 | lr 1.09e-04 | grad 1.97 | tok/s 12496
step    670 | loss 2.1009 | lr 6.65e-05 | grad 2.12 | tok/s 12932
step    680 | loss 2.1057 | lr 3.24e-05 | grad 1.65 | tok/s 12482
step    690 | loss 2.1171 | lr 9.84e-06 | grad 1.77 | tok/s 12379
step    700 | loss 2.0664 | lr 1.07e-06 | grad 1.38 | tok/s 12276
step    710 | loss 2.0195 | lr 6.94e-06 | grad 2.06 | tok/s 12620
step    720 | loss 2.1929 | lr 2.68e-05 | grad 3.50 | tok/s 12348
step    730 | loss 1.9558 | lr 5.89e-05 | grad 1.37 | tok/s 12917
step    740 | loss 2.0064 | lr 9.99e-05 | grad 1.79 | tok/s 12534
step    750 | loss 2.4928 | lr 1.46e-04 | grad 3.50 | tok/s 13076
step    760 | loss 2.3309 | lr 1.92e-04 | grad 2.20 | tok/s 13071
step    770 | loss 2.1239 | lr 2.35e-04 | grad 2.61 | tok/s 12730
step    780 | loss 2.0794 | lr 2.69e-04 | grad 2.19 | tok/s 12397
step    790 | loss 2.0725 | lr 2.91e-04 | grad 3.11 | tok/s 12733
step    800 | loss 2.3623 | lr 3.00e-04 | grad 5.34 | tok/s 13082
step    810 | loss 2.1451 | lr 2.94e-04 | grad 1.80 | tok/s 12641
step    820 | loss 1.8552 | lr 2.74e-04 | grad 7.31 | tok/s 12285
step    830 | loss 2.1356 | lr 2.42e-04 | grad 1.88 | tok/s 12474
step    840 | loss 2.1017 | lr 2.01e-04 | grad 1.38 | tok/s 12188
step    850 | loss 2.3475 | lr 1.55e-04 | grad 2.38 | tok/s 12200
step    860 | loss 2.1792 | lr 1.09e-04 | grad 2.09 | tok/s 12340
step    870 | loss 2.1191 | lr 6.65e-05 | grad 5.12 | tok/s 12448
step    880 | loss 2.6172 | lr 3.24e-05 | grad 1.40 | tok/s 13053
step    890 | loss 2.0239 | lr 9.84e-06 | grad 1.80 | tok/s 12407
step    900 | loss 1.9309 | lr 1.07e-06 | grad 1.09 | tok/s 12362
step    910 | loss 1.9390 | lr 6.94e-06 | grad 1.34 | tok/s 12525
step    920 | loss 2.1125 | lr 2.68e-05 | grad 0.95 | tok/s 12316
step    930 | loss 2.0566 | lr 5.89e-05 | grad 1.45 | tok/s 12346
step    940 | loss 1.9764 | lr 9.99e-05 | grad 2.23 | tok/s 12754
step    950 | loss 1.8594 | lr 1.46e-04 | grad 1.87 | tok/s 12178

Training complete! Final step: 956
