# Job 21: 65
# GPU: 6
# Command: python train.py --level 65 --dim 640 --expansion 2.0 --data data/pile.txt --depth 20 --batch_size 32 --chunk_size 512 --lr 3e-4 --warmup_steps 100 --seed 42 --bf16 --train_minutes 10 --output benchmark_results/elman48_20260119_191441/65
# Started: 2026-01-19T19:36:19.471741
============================================================

Using device: cuda
Output directory: benchmark_results/elman48_20260119_191441/65/level65_100m_20260119_193625
Auto r_h_mode: none (level 65 has bounded/no W_h)
Model: Level 65, 98,558,080 parameters

Starting training from step 0...
Batch size: 32, Chunk size: 512
Gradient accumulation: 1, Effective batch: 32

Time-based training: 10.0 minutes
step     10 | loss 5.4782 | lr 2.70e-05 | grad 10.69 | tok/s 22099
step     20 | loss 4.4899 | lr 5.70e-05 | grad 7.09 | tok/s 84862
step     30 | loss 4.8370 | lr 8.70e-05 | grad 4.12 | tok/s 85894
step     40 | loss 3.9751 | lr 1.17e-04 | grad 3.14 | tok/s 93930
step     50 | loss 3.5486 | lr 1.47e-04 | grad 2.81 | tok/s 94061
step     60 | loss 3.6435 | lr 1.77e-04 | grad 2.11 | tok/s 92026
step     70 | loss 3.2588 | lr 2.07e-04 | grad 2.30 | tok/s 89146
step     80 | loss 3.5312 | lr 2.37e-04 | grad 2.33 | tok/s 92566
step     90 | loss 3.4534 | lr 2.67e-04 | grad 3.05 | tok/s 89324
step    100 | loss 3.3000 | lr 2.97e-04 | grad 1.15 | tok/s 90215
step    110 | loss 3.2321 | lr 6.94e-06 | grad 1.61 | tok/s 80521
step    120 | loss 3.6065 | lr 2.69e-05 | grad 1.12 | tok/s 81105
step    130 | loss 3.4015 | lr 5.89e-05 | grad 1.04 | tok/s 82830
step    140 | loss 3.1980 | lr 9.99e-05 | grad 0.71 | tok/s 83088
step    150 | loss 3.0955 | lr 1.46e-04 | grad 1.76 | tok/s 79220
step    160 | loss 3.0643 | lr 1.92e-04 | grad 1.00 | tok/s 80008
step    170 | loss 3.2292 | lr 2.35e-04 | grad 2.17 | tok/s 82650
step    180 | loss 3.3380 | lr 2.69e-04 | grad 1.01 | tok/s 82752
step    190 | loss 3.1632 | lr 2.91e-04 | grad 1.32 | tok/s 84027
step    200 | loss 3.1038 | lr 3.00e-04 | grad 0.75 | tok/s 85884
step    210 | loss 3.1578 | lr 2.94e-04 | grad 1.21 | tok/s 82153
step    220 | loss 3.1004 | lr 2.74e-04 | grad 1.04 | tok/s 84776
step    230 | loss 2.8113 | lr 2.42e-04 | grad 1.42 | tok/s 81761
step    240 | loss 2.7997 | lr 2.01e-04 | grad 1.52 | tok/s 83492
step    250 | loss 2.6679 | lr 1.55e-04 | grad 1.35 | tok/s 82389
step    260 | loss 2.6316 | lr 1.09e-04 | grad 1.03 | tok/s 79062
step    270 | loss 2.5286 | lr 6.65e-05 | grad 0.82 | tok/s 82040
step    280 | loss 2.4250 | lr 3.24e-05 | grad 2.67 | tok/s 81907
step    290 | loss 2.4973 | lr 9.84e-06 | grad 0.83 | tok/s 86423
step    300 | loss 2.4880 | lr 1.07e-06 | grad 0.87 | tok/s 86390
step    310 | loss 2.4848 | lr 6.94e-06 | grad 0.73 | tok/s 86399
step    320 | loss 2.4719 | lr 2.69e-05 | grad 1.34 | tok/s 83204
step    330 | loss 2.5358 | lr 5.89e-05 | grad 0.78 | tok/s 81142
step    340 | loss 2.5449 | lr 9.99e-05 | grad 1.41 | tok/s 82881
step    350 | loss 2.5423 | lr 1.46e-04 | grad 1.32 | tok/s 80477
step    360 | loss 2.5058 | lr 1.92e-04 | grad 2.17 | tok/s 81528
step    370 | loss 2.4088 | lr 2.35e-04 | grad 2.56 | tok/s 83102
step    380 | loss 2.8273 | lr 2.69e-04 | grad 1.84 | tok/s 85156
step    390 | loss 2.4546 | lr 2.91e-04 | grad 1.96 | tok/s 82024
step    400 | loss 2.5517 | lr 3.00e-04 | grad 2.53 | tok/s 84112
step    410 | loss 2.2684 | lr 2.94e-04 | grad 2.11 | tok/s 81599
step    420 | loss 2.3925 | lr 2.74e-04 | grad 1.41 | tok/s 81021
step    430 | loss 2.4840 | lr 2.42e-04 | grad 1.98 | tok/s 80712
step    440 | loss 2.5796 | lr 2.01e-04 | grad 1.61 | tok/s 84009
step    450 | loss 2.3131 | lr 1.55e-04 | grad 0.83 | tok/s 81669
step    460 | loss 2.2640 | lr 1.09e-04 | grad 1.08 | tok/s 81820
step    470 | loss 2.2820 | lr 6.65e-05 | grad 1.51 | tok/s 82838
step    480 | loss 2.1842 | lr 3.24e-05 | grad 0.67 | tok/s 79947
step    490 | loss 2.1379 | lr 9.84e-06 | grad 0.61 | tok/s 81408
step    500 | loss 2.9794 | lr 1.07e-06 | grad 0.75 | tok/s 83813
step    510 | loss 2.1150 | lr 6.94e-06 | grad 0.61 | tok/s 81966
step    520 | loss 2.2169 | lr 2.69e-05 | grad 0.54 | tok/s 84549
step    530 | loss 2.6170 | lr 5.89e-05 | grad 0.84 | tok/s 82844
step    540 | loss 2.1396 | lr 9.99e-05 | grad 1.12 | tok/s 82668
step    550 | loss 2.1260 | lr 1.46e-04 | grad 0.95 | tok/s 85072
step    560 | loss 2.0269 | lr 1.92e-04 | grad 1.09 | tok/s 86149
step    570 | loss 2.2434 | lr 2.35e-04 | grad 2.12 | tok/s 84118
step    580 | loss 2.5184 | lr 2.69e-04 | grad 1.66 | tok/s 83126
step    590 | loss 2.7119 | lr 2.91e-04 | grad 2.39 | tok/s 81505
step    600 | loss 2.3429 | lr 3.00e-04 | grad 1.48 | tok/s 81582
step    610 | loss 2.3048 | lr 2.94e-04 | grad 1.64 | tok/s 85595
step    620 | loss 2.2203 | lr 2.74e-04 | grad 0.90 | tok/s 81141
step    630 | loss 2.1774 | lr 2.42e-04 | grad 1.40 | tok/s 83750
step    640 | loss 2.4706 | lr 2.01e-04 | grad 1.21 | tok/s 83783
step    650 | loss 2.1777 | lr 1.55e-04 | grad 1.51 | tok/s 82288
step    660 | loss 2.4447 | lr 1.09e-04 | grad 3.86 | tok/s 81142
step    670 | loss 2.2705 | lr 6.65e-05 | grad 2.05 | tok/s 83970
step    680 | loss 2.1984 | lr 3.24e-05 | grad 0.95 | tok/s 81071
step    690 | loss 2.2219 | lr 9.84e-06 | grad 1.05 | tok/s 81656
step    700 | loss 2.3009 | lr 1.07e-06 | grad 1.03 | tok/s 82161
step    710 | loss 2.2407 | lr 6.94e-06 | grad 0.89 | tok/s 82531
step    720 | loss 2.3341 | lr 2.68e-05 | grad 1.23 | tok/s 82179
step    730 | loss 2.2797 | lr 5.89e-05 | grad 1.09 | tok/s 82914
step    740 | loss 2.1903 | lr 9.99e-05 | grad 1.77 | tok/s 82353
step    750 | loss 2.0544 | lr 1.46e-04 | grad 1.33 | tok/s 81330
step    760 | loss 2.3795 | lr 1.92e-04 | grad 1.98 | tok/s 82357
step    770 | loss 2.0841 | lr 2.35e-04 | grad 1.51 | tok/s 81850
step    780 | loss 2.1216 | lr 2.69e-04 | grad 1.73 | tok/s 82758
step    790 | loss 2.1489 | lr 2.91e-04 | grad 1.41 | tok/s 83470
step    800 | loss 2.1299 | lr 3.00e-04 | grad 1.43 | tok/s 83478
step    810 | loss 2.0946 | lr 2.94e-04 | grad 2.03 | tok/s 82765
step    820 | loss 2.6689 | lr 2.74e-04 | grad 1.32 | tok/s 85027
step    830 | loss 2.3006 | lr 2.42e-04 | grad 1.04 | tok/s 86334
step    840 | loss 2.0473 | lr 2.01e-04 | grad 0.97 | tok/s 86137
step    850 | loss 2.3169 | lr 1.55e-04 | grad 1.32 | tok/s 82113
step    860 | loss 2.1525 | lr 1.09e-04 | grad 1.12 | tok/s 80447
step    870 | loss 2.1056 | lr 6.65e-05 | grad 0.95 | tok/s 82715
step    880 | loss 2.1516 | lr 3.24e-05 | grad 1.27 | tok/s 82384
step    890 | loss 2.0452 | lr 9.84e-06 | grad 0.88 | tok/s 82273
step    900 | loss 2.4232 | lr 1.07e-06 | grad 0.77 | tok/s 80170
step    910 | loss 2.1044 | lr 6.94e-06 | grad 0.78 | tok/s 81651
step    920 | loss 2.0722 | lr 2.68e-05 | grad 0.82 | tok/s 81521
step    930 | loss 2.1902 | lr 5.89e-05 | grad 1.33 | tok/s 81286
step    940 | loss 2.0851 | lr 9.99e-05 | grad 1.34 | tok/s 80407
step    950 | loss 2.1371 | lr 1.46e-04 | grad 2.69 | tok/s 82413
step    960 | loss 1.9814 | lr 1.92e-04 | grad 1.41 | tok/s 86250
step    970 | loss 1.7953 | lr 2.35e-04 | grad 1.12 | tok/s 86196
step    980 | loss 1.8932 | lr 2.69e-04 | grad 2.73 | tok/s 83824
step    990 | loss 2.3131 | lr 2.91e-04 | grad 2.00 | tok/s 81394
step   1000 | loss 2.1050 | lr 3.00e-04 | grad 1.31 | tok/s 79646
  >>> saved checkpoint: checkpoint_step_001000_loss_2.1050.pt
step   1010 | loss 2.3090 | lr 2.94e-04 | grad 1.68 | tok/s 60932
step   1020 | loss 1.9933 | lr 2.74e-04 | grad 1.10 | tok/s 81762
step   1030 | loss 2.2745 | lr 2.42e-04 | grad 1.35 | tok/s 80495
step   1040 | loss 1.9982 | lr 2.01e-04 | grad 1.81 | tok/s 82207
step   1050 | loss 1.9791 | lr 1.55e-04 | grad 1.15 | tok/s 82499
step   1060 | loss 2.2367 | lr 1.09e-04 | grad 1.52 | tok/s 82634
step   1070 | loss 2.2987 | lr 6.65e-05 | grad 1.19 | tok/s 82937
step   1080 | loss 2.4949 | lr 3.24e-05 | grad 1.23 | tok/s 81879
step   1090 | loss 2.2688 | lr 9.84e-06 | grad 0.97 | tok/s 82373
step   1100 | loss 1.9699 | lr 1.07e-06 | grad 0.98 | tok/s 81851
step   1110 | loss 2.0120 | lr 6.93e-06 | grad 0.84 | tok/s 83271
step   1120 | loss 2.2873 | lr 2.68e-05 | grad 0.81 | tok/s 84374
step   1130 | loss 1.9731 | lr 5.89e-05 | grad 0.78 | tok/s 80081
step   1140 | loss 1.9043 | lr 9.99e-05 | grad 0.80 | tok/s 82052
step   1150 | loss 2.1719 | lr 1.46e-04 | grad 1.22 | tok/s 82037
step   1160 | loss 1.8308 | lr 1.92e-04 | grad 1.02 | tok/s 81088
step   1170 | loss 2.1150 | lr 2.35e-04 | grad 1.18 | tok/s 82030
step   1180 | loss 1.8540 | lr 2.69e-04 | grad 0.94 | tok/s 86256
step   1190 | loss 1.7464 | lr 2.91e-04 | grad 1.56 | tok/s 86407
step   1200 | loss 1.6699 | lr 3.00e-04 | grad 1.09 | tok/s 86292
step   1210 | loss 1.6108 | lr 2.94e-04 | grad 1.50 | tok/s 86188
step   1220 | loss 1.6447 | lr 2.74e-04 | grad 1.45 | tok/s 85602
step   1230 | loss 1.8430 | lr 2.42e-04 | grad 1.45 | tok/s 82622
step   1240 | loss 1.9392 | lr 2.01e-04 | grad 1.23 | tok/s 81181
step   1250 | loss 2.0309 | lr 1.55e-04 | grad 3.22 | tok/s 83640
step   1260 | loss 2.0672 | lr 1.09e-04 | grad 2.23 | tok/s 83414
step   1270 | loss 2.1065 | lr 6.65e-05 | grad 1.36 | tok/s 82418
step   1280 | loss 1.9359 | lr 3.24e-05 | grad 1.14 | tok/s 81586
step   1290 | loss 1.8724 | lr 9.84e-06 | grad 1.20 | tok/s 81270
step   1300 | loss 1.9187 | lr 1.07e-06 | grad 0.81 | tok/s 80764
step   1310 | loss 2.0212 | lr 6.93e-06 | grad 0.93 | tok/s 80635
step   1320 | loss 1.9822 | lr 2.68e-05 | grad 1.49 | tok/s 82096
step   1330 | loss 1.9177 | lr 5.89e-05 | grad 1.00 | tok/s 82094
step   1340 | loss 1.8625 | lr 9.99e-05 | grad 1.05 | tok/s 82215
step   1350 | loss 1.9528 | lr 1.46e-04 | grad 2.20 | tok/s 84462
step   1360 | loss 1.8490 | lr 1.92e-04 | grad 1.05 | tok/s 80303
step   1370 | loss 1.9460 | lr 2.35e-04 | grad 1.62 | tok/s 81471
step   1380 | loss 2.0525 | lr 2.69e-04 | grad 1.78 | tok/s 82090
step   1390 | loss 1.9290 | lr 2.91e-04 | grad 1.88 | tok/s 80093
step   1400 | loss 1.9505 | lr 3.00e-04 | grad 3.78 | tok/s 83199
step   1410 | loss 2.0261 | lr 2.94e-04 | grad 1.76 | tok/s 84114
step   1420 | loss 2.0294 | lr 2.74e-04 | grad 2.05 | tok/s 80098
step   1430 | loss 1.8192 | lr 2.42e-04 | grad 1.21 | tok/s 78284
step   1440 | loss 1.7288 | lr 2.01e-04 | grad 1.16 | tok/s 82571
step   1450 | loss 1.7842 | lr 1.55e-04 | grad 2.42 | tok/s 84178
step   1460 | loss 1.7976 | lr 1.09e-04 | grad 1.40 | tok/s 78613
step   1470 | loss 1.9037 | lr 6.65e-05 | grad 2.06 | tok/s 81467
step   1480 | loss 1.7872 | lr 3.24e-05 | grad 1.72 | tok/s 82406
step   1490 | loss 1.9219 | lr 9.84e-06 | grad 2.72 | tok/s 82321
step   1500 | loss 1.9976 | lr 1.07e-06 | grad 2.16 | tok/s 79972
step   1510 | loss 1.9288 | lr 6.93e-06 | grad 1.21 | tok/s 84203
step   1520 | loss 1.9040 | lr 2.68e-05 | grad 1.37 | tok/s 83503
step   1530 | loss 1.8383 | lr 5.89e-05 | grad 0.73 | tok/s 82909
step   1540 | loss 1.8270 | lr 9.99e-05 | grad 0.80 | tok/s 81315
step   1550 | loss 1.8159 | lr 1.46e-04 | grad 2.73 | tok/s 84619
step   1560 | loss 2.3169 | lr 1.92e-04 | grad 1.77 | tok/s 82386
step   1570 | loss 1.8448 | lr 2.35e-04 | grad 1.70 | tok/s 80905
step   1580 | loss 2.0394 | lr 2.69e-04 | grad 1.34 | tok/s 83550
step   1590 | loss 1.7974 | lr 2.91e-04 | grad 1.88 | tok/s 81591
step   1600 | loss 1.8531 | lr 3.00e-04 | grad 1.86 | tok/s 79933
step   1610 | loss 1.7101 | lr 2.94e-04 | grad 1.38 | tok/s 84604
step   1620 | loss 1.8819 | lr 2.74e-04 | grad 1.28 | tok/s 83363
step   1630 | loss 1.9017 | lr 2.42e-04 | grad 1.47 | tok/s 84033
step   1640 | loss 1.7838 | lr 2.01e-04 | grad 1.02 | tok/s 81108
step   1650 | loss 1.8033 | lr 1.55e-04 | grad 1.69 | tok/s 79934
step   1660 | loss 1.7930 | lr 1.09e-04 | grad 1.11 | tok/s 80437
step   1670 | loss 1.8640 | lr 6.65e-05 | grad 2.38 | tok/s 83948
step   1680 | loss 2.2838 | lr 3.24e-05 | grad 0.82 | tok/s 83955
step   1690 | loss 1.7740 | lr 9.84e-06 | grad 1.10 | tok/s 81916
step   1700 | loss 2.1436 | lr 1.07e-06 | grad 0.75 | tok/s 83715
step   1710 | loss 1.8013 | lr 6.93e-06 | grad 0.99 | tok/s 81006
step   1720 | loss 1.8184 | lr 2.68e-05 | grad 1.11 | tok/s 81502
step   1730 | loss 1.9181 | lr 5.89e-05 | grad 0.92 | tok/s 81599
step   1740 | loss 1.8289 | lr 9.99e-05 | grad 0.82 | tok/s 82923
step   1750 | loss 1.7320 | lr 1.46e-04 | grad 1.23 | tok/s 79885
step   1760 | loss 2.0190 | lr 1.92e-04 | grad 1.42 | tok/s 81042
step   1770 | loss 1.9446 | lr 2.35e-04 | grad 1.52 | tok/s 82898
step   1780 | loss 1.8011 | lr 2.69e-04 | grad 1.51 | tok/s 79803
step   1790 | loss 2.0362 | lr 2.91e-04 | grad 1.31 | tok/s 81315
step   1800 | loss 1.7360 | lr 3.00e-04 | grad 0.96 | tok/s 79387
step   1810 | loss 1.7964 | lr 2.94e-04 | grad 1.11 | tok/s 82114
step   1820 | loss 1.7812 | lr 2.74e-04 | grad 1.79 | tok/s 79935
step   1830 | loss 1.7945 | lr 2.42e-04 | grad 1.27 | tok/s 81042
step   1840 | loss 1.7618 | lr 2.01e-04 | grad 1.53 | tok/s 80388
step   1850 | loss 2.0103 | lr 1.55e-04 | grad 1.38 | tok/s 81234
step   1860 | loss 1.7470 | lr 1.09e-04 | grad 0.89 | tok/s 81040
step   1870 | loss 1.7917 | lr 6.65e-05 | grad 1.49 | tok/s 82890
step   1880 | loss 1.7356 | lr 3.24e-05 | grad 0.87 | tok/s 82920
step   1890 | loss 1.8240 | lr 9.84e-06 | grad 0.67 | tok/s 81588
step   1900 | loss 1.8666 | lr 1.07e-06 | grad 1.76 | tok/s 82423
step   1910 | loss 1.8199 | lr 6.93e-06 | grad 1.12 | tok/s 81346
step   1920 | loss 1.7380 | lr 2.68e-05 | grad 1.20 | tok/s 83752
step   1930 | loss 1.7205 | lr 5.89e-05 | grad 1.00 | tok/s 83049
step   1940 | loss 1.6381 | lr 9.99e-05 | grad 1.29 | tok/s 84674
step   1950 | loss 1.7221 | lr 1.46e-04 | grad 0.99 | tok/s 82548
step   1960 | loss 2.1079 | lr 1.92e-04 | grad 3.73 | tok/s 84174
step   1970 | loss 1.8194 | lr 2.35e-04 | grad 1.63 | tok/s 81267
step   1980 | loss 1.8432 | lr 2.69e-04 | grad 2.42 | tok/s 81300
step   1990 | loss 1.9874 | lr 2.91e-04 | grad 1.57 | tok/s 83469
step   2000 | loss 1.8668 | lr 3.00e-04 | grad 1.78 | tok/s 83940
  >>> saved checkpoint: checkpoint_step_002000_loss_1.8668.pt
step   2010 | loss 1.6241 | lr 2.94e-04 | grad 1.27 | tok/s 63568
step   2020 | loss 1.4571 | lr 2.74e-04 | grad 1.10 | tok/s 86539
step   2030 | loss 1.7596 | lr 2.42e-04 | grad 1.47 | tok/s 85620
step   2040 | loss 1.5901 | lr 2.01e-04 | grad 0.82 | tok/s 86629
step   2050 | loss 1.5187 | lr 1.55e-04 | grad 1.22 | tok/s 85188
step   2060 | loss 1.8026 | lr 1.09e-04 | grad 0.97 | tok/s 81523
step   2070 | loss 1.7514 | lr 6.65e-05 | grad 1.68 | tok/s 85635
step   2080 | loss 1.9033 | lr 3.24e-05 | grad 3.61 | tok/s 80855
step   2090 | loss 1.8280 | lr 9.84e-06 | grad 1.32 | tok/s 83912
step   2100 | loss 1.7728 | lr 1.07e-06 | grad 1.25 | tok/s 81407
step   2110 | loss 1.6503 | lr 6.93e-06 | grad 1.01 | tok/s 84026
step   2120 | loss 1.6467 | lr 2.68e-05 | grad 1.33 | tok/s 83524
step   2130 | loss 1.7565 | lr 5.89e-05 | grad 2.09 | tok/s 81026
step   2140 | loss 1.8066 | lr 9.99e-05 | grad 3.34 | tok/s 80937
step   2150 | loss 1.8211 | lr 1.46e-04 | grad 0.97 | tok/s 82042
step   2160 | loss 1.7791 | lr 1.92e-04 | grad 1.38 | tok/s 81081
step   2170 | loss 1.8908 | lr 2.35e-04 | grad 1.38 | tok/s 82138
step   2180 | loss 1.7783 | lr 2.69e-04 | grad 1.10 | tok/s 84078
step   2190 | loss 2.1037 | lr 2.91e-04 | grad 1.56 | tok/s 83523
step   2200 | loss 1.5648 | lr 3.00e-04 | grad 1.69 | tok/s 86503
step   2210 | loss 1.5081 | lr 2.94e-04 | grad 1.33 | tok/s 86373
step   2220 | loss 1.4717 | lr 2.74e-04 | grad 1.39 | tok/s 86365
step   2230 | loss 1.6731 | lr 2.42e-04 | grad 1.32 | tok/s 83391
step   2240 | loss 1.9396 | lr 2.01e-04 | grad 2.11 | tok/s 85307
step   2250 | loss 1.8673 | lr 1.55e-04 | grad 1.38 | tok/s 84563
step   2260 | loss 1.9043 | lr 1.09e-04 | grad 1.21 | tok/s 83382
step   2270 | loss 1.6996 | lr 6.65e-05 | grad 1.51 | tok/s 81601
step   2280 | loss 1.8381 | lr 3.24e-05 | grad 0.84 | tok/s 81526
step   2290 | loss 1.6597 | lr 9.84e-06 | grad 0.99 | tok/s 82569
step   2300 | loss 1.6637 | lr 1.07e-06 | grad 0.70 | tok/s 79858
step   2310 | loss 1.7520 | lr 6.93e-06 | grad 1.38 | tok/s 85107
step   2320 | loss 1.8245 | lr 2.68e-05 | grad 1.00 | tok/s 86417
step   2330 | loss 1.7558 | lr 5.89e-05 | grad 0.80 | tok/s 86439
step   2340 | loss 1.7410 | lr 9.98e-05 | grad 1.48 | tok/s 84454
step   2350 | loss 1.7784 | lr 1.46e-04 | grad 0.99 | tok/s 81845
step   2360 | loss 2.2451 | lr 1.92e-04 | grad 2.47 | tok/s 83432
step   2370 | loss 1.8146 | lr 2.35e-04 | grad 1.70 | tok/s 82943
step   2380 | loss 1.6661 | lr 2.69e-04 | grad 1.73 | tok/s 82058
step   2390 | loss 1.7100 | lr 2.91e-04 | grad 1.63 | tok/s 81817
step   2400 | loss 1.8365 | lr 3.00e-04 | grad 2.05 | tok/s 80932
step   2410 | loss 1.7528 | lr 2.94e-04 | grad 1.37 | tok/s 81594
step   2420 | loss 1.9772 | lr 2.74e-04 | grad 1.17 | tok/s 82294
step   2430 | loss 1.8717 | lr 2.42e-04 | grad 1.83 | tok/s 81266
step   2440 | loss 1.9066 | lr 2.01e-04 | grad 1.24 | tok/s 83483
step   2450 | loss 1.5885 | lr 1.55e-04 | grad 1.83 | tok/s 82296
step   2460 | loss 1.8553 | lr 1.09e-04 | grad 1.79 | tok/s 84097
step   2470 | loss 2.0379 | lr 6.65e-05 | grad 1.26 | tok/s 86146
step   2480 | loss 1.6816 | lr 3.24e-05 | grad 1.00 | tok/s 82457
step   2490 | loss 1.6015 | lr 9.84e-06 | grad 1.05 | tok/s 81191
step   2500 | loss 1.7140 | lr 1.07e-06 | grad 1.05 | tok/s 83516
step   2510 | loss 1.7687 | lr 6.93e-06 | grad 0.96 | tok/s 83273
step   2520 | loss 1.9524 | lr 2.68e-05 | grad 1.23 | tok/s 81195
step   2530 | loss 1.7362 | lr 5.89e-05 | grad 1.30 | tok/s 80426
step   2540 | loss 1.7237 | lr 9.98e-05 | grad 1.00 | tok/s 81219
step   2550 | loss 2.1282 | lr 1.46e-04 | grad 1.96 | tok/s 82353
step   2560 | loss 1.9384 | lr 1.92e-04 | grad 1.46 | tok/s 83881
step   2570 | loss 1.7334 | lr 2.35e-04 | grad 2.28 | tok/s 80442
step   2580 | loss 1.8716 | lr 2.69e-04 | grad 1.16 | tok/s 83619
step   2590 | loss 1.5933 | lr 2.91e-04 | grad 1.59 | tok/s 81499
step   2600 | loss 1.8150 | lr 3.00e-04 | grad 1.10 | tok/s 83714
step   2610 | loss 1.7508 | lr 2.94e-04 | grad 1.41 | tok/s 84436
step   2620 | loss 1.5964 | lr 2.74e-04 | grad 1.05 | tok/s 86304
step   2630 | loss 1.6152 | lr 2.42e-04 | grad 0.98 | tok/s 83914
step   2640 | loss 1.7353 | lr 2.01e-04 | grad 1.36 | tok/s 81509
step   2650 | loss 1.6612 | lr 1.55e-04 | grad 0.95 | tok/s 78843
step   2660 | loss 2.0741 | lr 1.09e-04 | grad 3.23 | tok/s 84837
step   2670 | loss 1.6569 | lr 6.65e-05 | grad 0.89 | tok/s 86373
step   2680 | loss 1.5774 | lr 3.24e-05 | grad 0.79 | tok/s 86384
step   2690 | loss 1.5230 | lr 9.84e-06 | grad 0.70 | tok/s 86438
step   2700 | loss 1.6922 | lr 1.07e-06 | grad 0.88 | tok/s 83108
step   2710 | loss 1.8025 | lr 6.93e-06 | grad 3.03 | tok/s 80717
step   2720 | loss 2.2852 | lr 2.68e-05 | grad 0.87 | tok/s 85272
step   2730 | loss 1.7380 | lr 5.89e-05 | grad 1.09 | tok/s 82323
step   2740 | loss 1.5588 | lr 9.98e-05 | grad 1.13 | tok/s 82152
step   2750 | loss 1.7937 | lr 1.46e-04 | grad 1.20 | tok/s 83012
step   2760 | loss 1.8303 | lr 1.92e-04 | grad 1.80 | tok/s 79767
step   2770 | loss 1.6652 | lr 2.35e-04 | grad 1.15 | tok/s 83241
step   2780 | loss 1.6613 | lr 2.69e-04 | grad 1.05 | tok/s 80327
step   2790 | loss 1.5752 | lr 2.91e-04 | grad 1.09 | tok/s 82225
step   2800 | loss 2.0906 | lr 3.00e-04 | grad 2.02 | tok/s 82389
step   2810 | loss 1.9058 | lr 2.94e-04 | grad 1.73 | tok/s 83626
step   2820 | loss 2.0241 | lr 2.74e-04 | grad 2.42 | tok/s 84421
step   2830 | loss 1.8511 | lr 2.42e-04 | grad 1.43 | tok/s 83907
step   2840 | loss 1.8483 | lr 2.01e-04 | grad 1.27 | tok/s 82594
step   2850 | loss 1.6661 | lr 1.55e-04 | grad 1.30 | tok/s 84457
step   2860 | loss 1.6368 | lr 1.09e-04 | grad 1.15 | tok/s 82310
step   2870 | loss 1.7325 | lr 6.65e-05 | grad 1.16 | tok/s 82087
step   2880 | loss 2.1579 | lr 3.24e-05 | grad 0.90 | tok/s 82662
step   2890 | loss 1.8522 | lr 9.84e-06 | grad 0.96 | tok/s 83804
step   2900 | loss 1.6033 | lr 1.07e-06 | grad 0.97 | tok/s 80364
step   2910 | loss 1.5543 | lr 6.93e-06 | grad 0.69 | tok/s 80452
step   2920 | loss 2.1176 | lr 2.68e-05 | grad 1.17 | tok/s 84463
step   2930 | loss 1.6096 | lr 5.89e-05 | grad 0.69 | tok/s 82948
step   2940 | loss 1.6650 | lr 9.98e-05 | grad 1.13 | tok/s 80762
step   2950 | loss 1.6516 | lr 1.46e-04 | grad 1.19 | tok/s 80863
step   2960 | loss 1.8831 | lr 1.92e-04 | grad 1.89 | tok/s 82072
step   2970 | loss 1.6733 | lr 2.35e-04 | grad 1.34 | tok/s 81226
step   2980 | loss 1.7186 | lr 2.69e-04 | grad 1.81 | tok/s 82695
step   2990 | loss 1.6955 | lr 2.91e-04 | grad 1.08 | tok/s 82807
step   3000 | loss 1.5646 | lr 3.00e-04 | grad 1.58 | tok/s 83682
  >>> saved checkpoint: checkpoint_step_003000_loss_1.5646.pt
step   3010 | loss 1.8288 | lr 2.94e-04 | grad 1.67 | tok/s 61189
step   3020 | loss 1.6366 | lr 2.74e-04 | grad 0.94 | tok/s 82068
step   3030 | loss 1.7898 | lr 2.42e-04 | grad 2.08 | tok/s 81671
step   3040 | loss 1.6345 | lr 2.01e-04 | grad 1.27 | tok/s 81296
step   3050 | loss 1.7501 | lr 1.55e-04 | grad 1.08 | tok/s 82230
step   3060 | loss 1.5928 | lr 1.09e-04 | grad 0.87 | tok/s 80917
step   3070 | loss 1.5946 | lr 6.65e-05 | grad 0.97 | tok/s 81562
step   3080 | loss 1.6165 | lr 3.24e-05 | grad 0.77 | tok/s 83364
step   3090 | loss 1.5638 | lr 9.84e-06 | grad 0.63 | tok/s 83198
step   3100 | loss 1.5872 | lr 1.07e-06 | grad 0.77 | tok/s 81456
step   3110 | loss 1.5719 | lr 6.93e-06 | grad 0.81 | tok/s 83454
step   3120 | loss 1.5887 | lr 2.68e-05 | grad 0.79 | tok/s 80784

Training complete! Final step: 3125
