# Job 34: E75h8n16
# GPU: 7
# Command: python train.py --level E75h8n16 --dim 1280 --expansion 2.0 --n_state 16 --data data/pile.txt --depth 20 --batch_size 32 --chunk_size 512 --lr 3e-4 --warmup_steps 100 --seed 42 --bf16 --train_minutes 10 --output benchmark_results/elman48_20260119_191441/E75h8n16
# Started: 2026-01-19T19:56:37.681393
============================================================

Using device: cuda
Output directory: benchmark_results/elman48_20260119_191441/E75h8n16/levelE75h8n16_100m_20260119_195642
Auto r_h_mode: none (level 0 has bounded/no W_h)
Model: Level E75h8n16, 95,384,320 parameters

Starting training from step 0...
Batch size: 32, Chunk size: 512
Gradient accumulation: 1, Effective batch: 32

Time-based training: 10.0 minutes
step     10 | loss 5.5305 | lr 2.70e-05 | grad 292.00 | tok/s 25091
step     20 | loss 5.3436 | lr 5.70e-05 | grad 51.50 | tok/s 82887
step     30 | loss 5.2836 | lr 8.70e-05 | grad 20.12 | tok/s 87199
step     40 | loss 4.7467 | lr 1.17e-04 | grad 8.12 | tok/s 86283
step     50 | loss 4.0486 | lr 1.47e-04 | grad 5.19 | tok/s 85968
step     60 | loss 3.7099 | lr 1.77e-04 | grad 13.00 | tok/s 84182
step     70 | loss 3.1636 | lr 2.07e-04 | grad 5.09 | tok/s 81268
step     80 | loss 3.5248 | lr 2.37e-04 | grad 3.50 | tok/s 82597
step     90 | loss 3.1091 | lr 2.67e-04 | grad 4.00 | tok/s 79816
step    100 | loss 2.7580 | lr 2.97e-04 | grad 1.69 | tok/s 81464
step    110 | loss 2.7701 | lr 6.94e-06 | grad 3.08 | tok/s 73853
step    120 | loss 3.0470 | lr 2.69e-05 | grad 2.14 | tok/s 75677
step    130 | loss 2.8103 | lr 5.89e-05 | grad 1.53 | tok/s 77397
step    140 | loss 2.5930 | lr 9.99e-05 | grad 1.05 | tok/s 77767
step    150 | loss 2.4847 | lr 1.46e-04 | grad 2.88 | tok/s 74058
step    160 | loss 2.3263 | lr 1.92e-04 | grad 1.62 | tok/s 74348
step    170 | loss 2.5446 | lr 2.35e-04 | grad 4.97 | tok/s 77322
step    180 | loss 2.5665 | lr 2.69e-04 | grad 1.38 | tok/s 77082
step    190 | loss 2.2864 | lr 2.91e-04 | grad 1.64 | tok/s 78365
step    200 | loss 1.9854 | lr 3.00e-04 | grad 4.50 | tok/s 79809
step    210 | loss 2.4819 | lr 2.94e-04 | grad 2.20 | tok/s 76299
step    220 | loss 2.3986 | lr 2.74e-04 | grad 1.11 | tok/s 79048
step    230 | loss 2.2074 | lr 2.42e-04 | grad 1.72 | tok/s 76348
step    240 | loss 2.2335 | lr 2.01e-04 | grad 1.80 | tok/s 78151
step    250 | loss 2.1653 | lr 1.55e-04 | grad 1.23 | tok/s 76622
step    260 | loss 2.1883 | lr 1.09e-04 | grad 0.79 | tok/s 73673
step    270 | loss 2.0603 | lr 6.65e-05 | grad 1.06 | tok/s 76432
step    280 | loss 1.9695 | lr 3.24e-05 | grad 1.62 | tok/s 76675
step    290 | loss 1.9602 | lr 9.84e-06 | grad 0.87 | tok/s 80224
step    300 | loss 1.9261 | lr 1.07e-06 | grad 0.85 | tok/s 80360
step    310 | loss 1.9344 | lr 6.94e-06 | grad 0.76 | tok/s 80055
step    320 | loss 2.0230 | lr 2.69e-05 | grad 2.17 | tok/s 77066
step    330 | loss 2.0718 | lr 5.89e-05 | grad 0.73 | tok/s 75085
step    340 | loss 2.0823 | lr 9.99e-05 | grad 1.82 | tok/s 76405
step    350 | loss 2.1037 | lr 1.46e-04 | grad 1.05 | tok/s 74583
step    360 | loss 2.0564 | lr 1.92e-04 | grad 2.38 | tok/s 75592
step    370 | loss 1.9112 | lr 2.35e-04 | grad 1.20 | tok/s 76893
step    380 | loss 2.4447 | lr 2.69e-04 | grad 1.38 | tok/s 78763
step    390 | loss 2.0499 | lr 2.91e-04 | grad 1.99 | tok/s 75612
step    400 | loss 2.1711 | lr 3.00e-04 | grad 2.98 | tok/s 77675
step    410 | loss 1.9063 | lr 2.94e-04 | grad 2.03 | tok/s 75233
step    420 | loss 2.0233 | lr 2.74e-04 | grad 1.20 | tok/s 74637
step    430 | loss 2.1864 | lr 2.42e-04 | grad 1.47 | tok/s 74253
step    440 | loss 2.2933 | lr 2.01e-04 | grad 1.26 | tok/s 77289
step    450 | loss 1.9598 | lr 1.55e-04 | grad 0.86 | tok/s 75146
step    460 | loss 1.9474 | lr 1.09e-04 | grad 0.77 | tok/s 75188
step    470 | loss 1.9115 | lr 6.65e-05 | grad 1.09 | tok/s 76295
step    480 | loss 1.8210 | lr 3.24e-05 | grad 0.62 | tok/s 73738
step    490 | loss 1.7780 | lr 9.84e-06 | grad 0.58 | tok/s 74676
step    500 | loss 2.7530 | lr 1.07e-06 | grad 1.01 | tok/s 77099
step    510 | loss 1.8511 | lr 6.94e-06 | grad 0.65 | tok/s 75423
step    520 | loss 1.8796 | lr 2.69e-05 | grad 0.54 | tok/s 77821
step    530 | loss 2.3725 | lr 5.89e-05 | grad 0.63 | tok/s 76247
step    540 | loss 1.8178 | lr 9.99e-05 | grad 1.05 | tok/s 75934
step    550 | loss 1.6996 | lr 1.46e-04 | grad 0.78 | tok/s 77933
step    560 | loss 1.5578 | lr 1.92e-04 | grad 0.71 | tok/s 78861
step    570 | loss 1.8614 | lr 2.35e-04 | grad 1.86 | tok/s 77144
step    580 | loss 2.1990 | lr 2.69e-04 | grad 1.09 | tok/s 76494
step    590 | loss 2.5046 | lr 2.91e-04 | grad 1.66 | tok/s 74667
step    600 | loss 2.0042 | lr 3.00e-04 | grad 1.33 | tok/s 74883
step    610 | loss 2.0199 | lr 2.94e-04 | grad 1.32 | tok/s 78942
step    620 | loss 1.8942 | lr 2.74e-04 | grad 0.82 | tok/s 74537
step    630 | loss 1.7980 | lr 2.42e-04 | grad 0.90 | tok/s 76753
step    640 | loss 2.1691 | lr 2.01e-04 | grad 0.88 | tok/s 77045
step    650 | loss 1.8206 | lr 1.55e-04 | grad 1.12 | tok/s 75354
step    660 | loss 2.1423 | lr 1.09e-04 | grad 4.34 | tok/s 74579
step    670 | loss 1.9542 | lr 6.65e-05 | grad 1.64 | tok/s 77019
step    680 | loss 1.9264 | lr 3.24e-05 | grad 1.23 | tok/s 74414
step    690 | loss 1.9132 | lr 9.84e-06 | grad 1.26 | tok/s 75055
step    700 | loss 2.0027 | lr 1.07e-06 | grad 1.06 | tok/s 75390
step    710 | loss 1.9314 | lr 6.94e-06 | grad 1.02 | tok/s 76007
step    720 | loss 2.0245 | lr 2.68e-05 | grad 1.64 | tok/s 75594
step    730 | loss 1.9896 | lr 5.89e-05 | grad 1.11 | tok/s 76333
step    740 | loss 1.9248 | lr 9.99e-05 | grad 1.95 | tok/s 75889
step    750 | loss 1.7307 | lr 1.46e-04 | grad 1.33 | tok/s 74857
step    760 | loss 2.1513 | lr 1.92e-04 | grad 0.68 | tok/s 75638
step    770 | loss 1.7836 | lr 2.35e-04 | grad 1.12 | tok/s 75423
step    780 | loss 1.8292 | lr 2.69e-04 | grad 1.02 | tok/s 76056
step    790 | loss 1.7881 | lr 2.91e-04 | grad 0.85 | tok/s 76568
step    800 | loss 1.7509 | lr 3.00e-04 | grad 0.94 | tok/s 76534
step    810 | loss 1.8686 | lr 2.94e-04 | grad 1.85 | tok/s 75889
step    820 | loss 2.5798 | lr 2.74e-04 | grad 1.47 | tok/s 77795
step    830 | loss 2.0027 | lr 2.42e-04 | grad 0.66 | tok/s 78954
step    840 | loss 1.6943 | lr 2.01e-04 | grad 0.58 | tok/s 79003
step    850 | loss 2.2590 | lr 1.55e-04 | grad 1.23 | tok/s 75150
step    860 | loss 1.9332 | lr 1.09e-04 | grad 1.03 | tok/s 73873
step    870 | loss 1.8472 | lr 6.65e-05 | grad 0.75 | tok/s 75807
step    880 | loss 1.9113 | lr 3.24e-05 | grad 1.15 | tok/s 75501
step    890 | loss 1.8066 | lr 9.84e-06 | grad 0.80 | tok/s 75436
step    900 | loss 2.2960 | lr 1.07e-06 | grad 0.90 | tok/s 73496
step    910 | loss 1.8683 | lr 6.94e-06 | grad 0.65 | tok/s 74760
step    920 | loss 1.8261 | lr 2.68e-05 | grad 0.68 | tok/s 74595
step    930 | loss 1.9596 | lr 5.89e-05 | grad 1.34 | tok/s 74376
step    940 | loss 1.8354 | lr 9.99e-05 | grad 1.41 | tok/s 73618
step    950 | loss 1.9236 | lr 1.46e-04 | grad 1.27 | tok/s 75386
step    960 | loss 1.6589 | lr 1.92e-04 | grad 0.66 | tok/s 78890
step    970 | loss 1.4612 | lr 2.35e-04 | grad 0.47 | tok/s 78967
step    980 | loss 1.6363 | lr 2.69e-04 | grad 1.59 | tok/s 76706
step    990 | loss 1.9834 | lr 2.91e-04 | grad 0.78 | tok/s 74921
step   1000 | loss 1.8486 | lr 3.00e-04 | grad 0.64 | tok/s 72810
  >>> saved checkpoint: checkpoint_step_001000_loss_1.8486.pt
step   1010 | loss 2.1156 | lr 2.94e-04 | grad 1.72 | tok/s 60368
step   1020 | loss 1.7314 | lr 2.74e-04 | grad 0.74 | tok/s 75459
step   1030 | loss 2.0968 | lr 2.42e-04 | grad 0.83 | tok/s 73647
step   1040 | loss 1.7338 | lr 2.01e-04 | grad 1.25 | tok/s 75277
step   1050 | loss 1.7612 | lr 1.55e-04 | grad 0.72 | tok/s 75776
step   1060 | loss 2.0041 | lr 1.09e-04 | grad 1.46 | tok/s 76040
step   1070 | loss 2.0798 | lr 6.65e-05 | grad 0.79 | tok/s 76002
step   1080 | loss 2.4126 | lr 3.24e-05 | grad 1.00 | tok/s 75096
step   1090 | loss 2.1132 | lr 9.84e-06 | grad 0.75 | tok/s 75675
step   1100 | loss 1.7792 | lr 1.07e-06 | grad 0.75 | tok/s 75109
step   1110 | loss 1.8081 | lr 6.93e-06 | grad 0.69 | tok/s 76599
step   1120 | loss 2.0055 | lr 2.68e-05 | grad 0.92 | tok/s 77212
step   1130 | loss 1.7758 | lr 5.89e-05 | grad 0.63 | tok/s 73596
step   1140 | loss 1.6473 | lr 9.99e-05 | grad 0.68 | tok/s 75434
step   1150 | loss 1.9374 | lr 1.46e-04 | grad 1.09 | tok/s 75301
step   1160 | loss 1.6151 | lr 1.92e-04 | grad 0.56 | tok/s 74222
step   1170 | loss 1.9545 | lr 2.35e-04 | grad 0.78 | tok/s 75533
step   1180 | loss 1.6426 | lr 2.69e-04 | grad 0.72 | tok/s 79091
step   1190 | loss 1.4957 | lr 2.91e-04 | grad 0.56 | tok/s 79042
step   1200 | loss 1.4082 | lr 3.00e-04 | grad 0.62 | tok/s 78965
step   1210 | loss 1.3814 | lr 2.94e-04 | grad 0.68 | tok/s 79114
step   1220 | loss 1.4269 | lr 2.74e-04 | grad 0.76 | tok/s 78568
step   1230 | loss 1.6551 | lr 2.42e-04 | grad 1.08 | tok/s 75625
step   1240 | loss 1.7221 | lr 2.01e-04 | grad 0.86 | tok/s 74292
step   1250 | loss 1.8287 | lr 1.55e-04 | grad 2.64 | tok/s 76719
step   1260 | loss 1.8686 | lr 1.09e-04 | grad 2.14 | tok/s 76408
step   1270 | loss 1.9346 | lr 6.65e-05 | grad 1.23 | tok/s 75667
step   1280 | loss 1.7617 | lr 3.24e-05 | grad 0.76 | tok/s 74571
step   1290 | loss 1.7000 | lr 9.84e-06 | grad 0.86 | tok/s 74479
step   1300 | loss 1.7563 | lr 1.07e-06 | grad 0.75 | tok/s 74071
step   1310 | loss 1.8301 | lr 6.93e-06 | grad 0.74 | tok/s 73889
step   1320 | loss 1.8072 | lr 2.68e-05 | grad 1.06 | tok/s 75062
step   1330 | loss 1.7394 | lr 5.89e-05 | grad 0.58 | tok/s 75384
step   1340 | loss 1.6403 | lr 9.99e-05 | grad 0.86 | tok/s 75288
step   1350 | loss 1.6961 | lr 1.46e-04 | grad 1.56 | tok/s 77124
step   1360 | loss 1.6279 | lr 1.92e-04 | grad 0.68 | tok/s 73796
step   1370 | loss 1.7497 | lr 2.35e-04 | grad 0.74 | tok/s 74455
step   1380 | loss 1.8530 | lr 2.69e-04 | grad 0.85 | tok/s 75260
step   1390 | loss 1.7440 | lr 2.91e-04 | grad 1.36 | tok/s 73470
step   1400 | loss 1.7702 | lr 3.00e-04 | grad 6.12 | tok/s 76245
step   1410 | loss 1.7720 | lr 2.94e-04 | grad 0.98 | tok/s 77093
step   1420 | loss 1.8386 | lr 2.74e-04 | grad 0.84 | tok/s 73484
step   1430 | loss 1.6290 | lr 2.42e-04 | grad 0.78 | tok/s 71627
step   1440 | loss 1.5445 | lr 2.01e-04 | grad 0.64 | tok/s 75758
step   1450 | loss 1.5956 | lr 1.55e-04 | grad 2.05 | tok/s 77008
step   1460 | loss 1.6508 | lr 1.09e-04 | grad 0.55 | tok/s 72085
step   1470 | loss 1.7693 | lr 6.65e-05 | grad 1.97 | tok/s 74807
step   1480 | loss 1.6372 | lr 3.24e-05 | grad 1.71 | tok/s 75502
step   1490 | loss 1.7954 | lr 9.84e-06 | grad 2.02 | tok/s 75510
step   1500 | loss 1.8961 | lr 1.07e-06 | grad 1.84 | tok/s 73462
step   1510 | loss 1.7715 | lr 6.93e-06 | grad 1.00 | tok/s 77200
step   1520 | loss 1.7396 | lr 2.68e-05 | grad 1.03 | tok/s 76411
step   1530 | loss 1.6759 | lr 5.89e-05 | grad 0.52 | tok/s 75932
step   1540 | loss 1.6599 | lr 9.99e-05 | grad 0.50 | tok/s 74541
step   1550 | loss 1.6401 | lr 1.46e-04 | grad 2.11 | tok/s 77622
step   1560 | loss 2.2892 | lr 1.92e-04 | grad 1.12 | tok/s 75434
step   1570 | loss 1.6684 | lr 2.35e-04 | grad 1.06 | tok/s 74145
step   1580 | loss 1.8397 | lr 2.69e-04 | grad 1.15 | tok/s 76534
step   1590 | loss 1.6346 | lr 2.91e-04 | grad 0.73 | tok/s 74563
step   1600 | loss 1.7295 | lr 3.00e-04 | grad 0.85 | tok/s 73179
step   1610 | loss 1.5905 | lr 2.94e-04 | grad 0.69 | tok/s 77703
step   1620 | loss 1.7265 | lr 2.74e-04 | grad 0.63 | tok/s 76396
step   1630 | loss 1.7257 | lr 2.42e-04 | grad 0.71 | tok/s 76733
step   1640 | loss 1.6546 | lr 2.01e-04 | grad 0.54 | tok/s 74278
step   1650 | loss 1.6623 | lr 1.55e-04 | grad 1.04 | tok/s 73401
step   1660 | loss 1.6579 | lr 1.09e-04 | grad 0.65 | tok/s 73661
step   1670 | loss 1.7223 | lr 6.65e-05 | grad 1.81 | tok/s 76773
step   1680 | loss 2.0769 | lr 3.24e-05 | grad 0.52 | tok/s 76740
step   1690 | loss 1.6405 | lr 9.84e-06 | grad 0.86 | tok/s 74990
step   1700 | loss 2.0533 | lr 1.07e-06 | grad 0.51 | tok/s 76310
step   1710 | loss 1.6830 | lr 6.93e-06 | grad 0.86 | tok/s 74518
step   1720 | loss 1.7021 | lr 2.68e-05 | grad 0.77 | tok/s 74605
step   1730 | loss 1.7882 | lr 5.89e-05 | grad 0.69 | tok/s 74549
step   1740 | loss 1.6952 | lr 9.99e-05 | grad 0.61 | tok/s 75862
step   1750 | loss 1.5918 | lr 1.46e-04 | grad 0.51 | tok/s 73200
step   1760 | loss 1.8892 | lr 1.92e-04 | grad 0.62 | tok/s 74169
step   1770 | loss 1.7703 | lr 2.35e-04 | grad 0.62 | tok/s 75996
step   1780 | loss 1.6569 | lr 2.69e-04 | grad 1.02 | tok/s 72943
step   1790 | loss 1.8715 | lr 2.91e-04 | grad 0.71 | tok/s 74548
step   1800 | loss 1.5875 | lr 3.00e-04 | grad 0.66 | tok/s 75786
step   1810 | loss 1.6779 | lr 2.94e-04 | grad 0.85 | tok/s 75561
step   1820 | loss 1.6456 | lr 2.74e-04 | grad 0.80 | tok/s 73784
step   1830 | loss 1.6726 | lr 2.42e-04 | grad 0.69 | tok/s 73511
step   1840 | loss 1.6308 | lr 2.01e-04 | grad 0.76 | tok/s 73220
step   1850 | loss 1.8587 | lr 1.55e-04 | grad 0.91 | tok/s 74387
step   1860 | loss 1.6075 | lr 1.09e-04 | grad 0.48 | tok/s 74245
step   1870 | loss 1.6662 | lr 6.65e-05 | grad 1.23 | tok/s 75791
step   1880 | loss 1.6095 | lr 3.24e-05 | grad 0.55 | tok/s 75978
step   1890 | loss 1.6995 | lr 9.84e-06 | grad 0.55 | tok/s 74817
step   1900 | loss 1.8039 | lr 1.07e-06 | grad 1.59 | tok/s 75468
step   1910 | loss 1.7164 | lr 6.93e-06 | grad 1.10 | tok/s 74463
step   1920 | loss 1.6341 | lr 2.68e-05 | grad 0.91 | tok/s 76721
step   1930 | loss 1.6146 | lr 5.89e-05 | grad 0.87 | tok/s 76186
step   1940 | loss 1.5269 | lr 9.99e-05 | grad 0.65 | tok/s 77614
step   1950 | loss 1.5919 | lr 1.46e-04 | grad 0.77 | tok/s 75526
step   1960 | loss 2.0007 | lr 1.92e-04 | grad 4.09 | tok/s 77036
step   1970 | loss 1.6733 | lr 2.35e-04 | grad 1.34 | tok/s 74342
step   1980 | loss 1.7171 | lr 2.69e-04 | grad 1.82 | tok/s 74458
step   1990 | loss 1.8316 | lr 2.91e-04 | grad 0.99 | tok/s 76262
step   2000 | loss 1.7341 | lr 3.00e-04 | grad 1.20 | tok/s 76905
  >>> saved checkpoint: checkpoint_step_002000_loss_1.7341.pt
step   2010 | loss 1.4673 | lr 2.94e-04 | grad 0.72 | tok/s 60680
step   2020 | loss 1.2999 | lr 2.74e-04 | grad 0.57 | tok/s 78823
step   2030 | loss 1.6246 | lr 2.42e-04 | grad 0.86 | tok/s 78149
step   2040 | loss 1.4490 | lr 2.01e-04 | grad 0.52 | tok/s 78620
step   2050 | loss 1.3996 | lr 1.55e-04 | grad 0.80 | tok/s 78099
step   2060 | loss 1.7265 | lr 1.09e-04 | grad 0.68 | tok/s 74384
step   2070 | loss 1.6601 | lr 6.65e-05 | grad 1.11 | tok/s 77976
step   2080 | loss 1.8337 | lr 3.24e-05 | grad 3.31 | tok/s 74199
step   2090 | loss 1.7478 | lr 9.84e-06 | grad 0.88 | tok/s 76581
step   2100 | loss 1.6828 | lr 1.07e-06 | grad 0.86 | tok/s 74223
step   2110 | loss 1.5788 | lr 6.93e-06 | grad 0.69 | tok/s 76758
step   2120 | loss 1.5642 | lr 2.68e-05 | grad 1.05 | tok/s 75117
step   2130 | loss 1.6538 | lr 5.89e-05 | grad 2.59 | tok/s 72817
step   2140 | loss 1.7224 | lr 9.99e-05 | grad 2.52 | tok/s 72747
step   2150 | loss 1.7251 | lr 1.46e-04 | grad 0.51 | tok/s 74162
step   2160 | loss 1.6635 | lr 1.92e-04 | grad 0.58 | tok/s 73950
step   2170 | loss 1.7824 | lr 2.35e-04 | grad 0.66 | tok/s 74793
step   2180 | loss 1.6325 | lr 2.69e-04 | grad 0.72 | tok/s 76453
step   2190 | loss 1.9651 | lr 2.91e-04 | grad 0.75 | tok/s 76465
step   2200 | loss 1.3894 | lr 3.00e-04 | grad 0.50 | tok/s 78722
step   2210 | loss 1.3541 | lr 2.94e-04 | grad 0.45 | tok/s 78424
step   2220 | loss 1.3091 | lr 2.74e-04 | grad 0.50 | tok/s 78019
step   2230 | loss 1.5913 | lr 2.42e-04 | grad 0.79 | tok/s 75415
step   2240 | loss 1.8885 | lr 2.01e-04 | grad 1.55 | tok/s 77205
step   2250 | loss 1.7510 | lr 1.55e-04 | grad 0.83 | tok/s 76527
step   2260 | loss 1.7988 | lr 1.09e-04 | grad 0.74 | tok/s 75472
step   2270 | loss 1.6005 | lr 6.65e-05 | grad 0.85 | tok/s 73760
step   2280 | loss 1.7580 | lr 3.24e-05 | grad 0.59 | tok/s 73782
step   2290 | loss 1.5862 | lr 9.84e-06 | grad 0.67 | tok/s 74726
step   2300 | loss 1.5941 | lr 1.07e-06 | grad 0.56 | tok/s 72255
step   2310 | loss 1.6722 | lr 6.93e-06 | grad 0.92 | tok/s 76934
step   2320 | loss 1.7566 | lr 2.68e-05 | grad 0.97 | tok/s 78203
step   2330 | loss 1.6868 | lr 5.89e-05 | grad 0.58 | tok/s 78017
step   2340 | loss 1.6469 | lr 9.98e-05 | grad 0.89 | tok/s 76311
step   2350 | loss 1.6979 | lr 1.46e-04 | grad 0.72 | tok/s 74119
step   2360 | loss 2.1358 | lr 1.92e-04 | grad 1.25 | tok/s 75413
step   2370 | loss 1.6873 | lr 2.35e-04 | grad 0.61 | tok/s 75045
step   2380 | loss 1.5346 | lr 2.69e-04 | grad 0.76 | tok/s 74308
step   2390 | loss 1.5867 | lr 2.91e-04 | grad 1.00 | tok/s 74026
step   2400 | loss 1.7509 | lr 3.00e-04 | grad 0.88 | tok/s 73321
step   2410 | loss 1.6193 | lr 2.94e-04 | grad 0.86 | tok/s 73989
step   2420 | loss 1.8658 | lr 2.74e-04 | grad 0.78 | tok/s 74467
step   2430 | loss 1.7559 | lr 2.42e-04 | grad 1.09 | tok/s 73520
step   2440 | loss 1.7919 | lr 2.01e-04 | grad 0.72 | tok/s 75588
step   2450 | loss 1.4901 | lr 1.55e-04 | grad 1.20 | tok/s 74470
step   2460 | loss 1.7719 | lr 1.09e-04 | grad 1.79 | tok/s 76403
step   2470 | loss 1.9077 | lr 6.65e-05 | grad 1.06 | tok/s 78166
step   2480 | loss 1.5878 | lr 3.24e-05 | grad 0.61 | tok/s 75120
step   2490 | loss 1.5105 | lr 9.84e-06 | grad 0.91 | tok/s 73869
step   2500 | loss 1.6137 | lr 1.07e-06 | grad 0.72 | tok/s 75953
step   2510 | loss 1.6752 | lr 6.93e-06 | grad 0.75 | tok/s 75751
step   2520 | loss 1.8708 | lr 2.68e-05 | grad 1.19 | tok/s 74039
step   2530 | loss 1.6647 | lr 5.89e-05 | grad 1.05 | tok/s 73223
step   2540 | loss 1.6599 | lr 9.98e-05 | grad 0.86 | tok/s 74040
step   2550 | loss 2.1898 | lr 1.46e-04 | grad 2.67 | tok/s 74894
step   2560 | loss 1.6592 | lr 1.92e-04 | grad 0.98 | tok/s 76528
step   2570 | loss 1.6289 | lr 2.35e-04 | grad 1.73 | tok/s 73227
step   2580 | loss 1.7237 | lr 2.69e-04 | grad 0.81 | tok/s 75975
step   2590 | loss 1.4832 | lr 2.91e-04 | grad 0.88 | tok/s 74357
step   2600 | loss 1.6945 | lr 3.00e-04 | grad 0.68 | tok/s 76464
step   2610 | loss 1.6289 | lr 2.94e-04 | grad 0.53 | tok/s 77051
step   2620 | loss 1.4490 | lr 2.74e-04 | grad 0.64 | tok/s 78630
step   2630 | loss 1.4952 | lr 2.42e-04 | grad 0.48 | tok/s 76442
step   2640 | loss 1.6738 | lr 2.01e-04 | grad 1.38 | tok/s 74289
step   2650 | loss 1.5876 | lr 1.55e-04 | grad 0.71 | tok/s 72074
step   2660 | loss 1.9940 | lr 1.09e-04 | grad 0.84 | tok/s 77234
step   2670 | loss 1.4881 | lr 6.65e-05 | grad 0.48 | tok/s 78531
step   2680 | loss 1.4659 | lr 3.24e-05 | grad 0.52 | tok/s 78813
step   2690 | loss 1.4235 | lr 9.84e-06 | grad 0.51 | tok/s 78677
step   2700 | loss 1.6164 | lr 1.07e-06 | grad 0.65 | tok/s 75911
step   2710 | loss 1.7449 | lr 6.93e-06 | grad 2.00 | tok/s 73800
step   2720 | loss 2.2622 | lr 2.68e-05 | grad 0.64 | tok/s 77886
step   2730 | loss 1.6803 | lr 5.89e-05 | grad 0.96 | tok/s 74948
step   2740 | loss 1.4774 | lr 9.98e-05 | grad 0.79 | tok/s 75059
step   2750 | loss 1.7212 | lr 1.46e-04 | grad 0.68 | tok/s 75663
step   2760 | loss 1.7548 | lr 1.92e-04 | grad 1.29 | tok/s 72835
step   2770 | loss 1.5680 | lr 2.35e-04 | grad 0.70 | tok/s 75928
step   2780 | loss 1.5541 | lr 2.69e-04 | grad 0.58 | tok/s 73490
step   2790 | loss 1.4732 | lr 2.91e-04 | grad 0.75 | tok/s 75050
step   2800 | loss 1.9713 | lr 3.00e-04 | grad 1.69 | tok/s 75243
step   2810 | loss 1.7210 | lr 2.94e-04 | grad 0.77 | tok/s 76623
step   2820 | loss 1.9434 | lr 2.74e-04 | grad 1.80 | tok/s 76904
step   2830 | loss 1.7060 | lr 2.42e-04 | grad 0.58 | tok/s 76721
step   2840 | loss 1.7907 | lr 2.01e-04 | grad 0.75 | tok/s 75303
step   2850 | loss 1.5911 | lr 1.55e-04 | grad 0.84 | tok/s 76956
step   2860 | loss 1.5552 | lr 1.09e-04 | grad 0.59 | tok/s 75240
step   2870 | loss 1.6622 | lr 6.65e-05 | grad 0.69 | tok/s 74971

Training complete! Final step: 2873
