Using device: cuda
Output directory: benchmark_results/mega_100m_20260122_155533/mamba2/levelmamba2_100m_20260122_155742
Model: Level mamba2, 101,936,528 parameters
Using schedule-free AdamW (lr=0.0003)

Starting training from step 0...
Batch size: 32, Chunk size: 512
Gradient accumulation: 1, Effective batch: 32

Time-based training: 10.0 minutes
Traceback (most recent call last):
  File "/home/erikg/elman/train.py", line 584, in <module>
    train(args)
  File "/home/erikg/elman/train.py", line 486, in train
    result = model(
             ^^^^^^
  File "/home/erikg/.local/lib/python3.12/site-packages/torch/nn/modules/module.py", line 1775, in _wrapped_call_impl
    return self._call_impl(*args, **kwargs)
           ^^^^^^^^^^^^^^^^^^^^^^^^^^^^^^^^
  File "/home/erikg/.local/lib/python3.12/site-packages/torch/nn/modules/module.py", line 1786, in _call_impl
    return forward_call(*args, **kwargs)
           ^^^^^^^^^^^^^^^^^^^^^^^^^^^^^
  File "/home/erikg/elman/elman/models/mamba2_baseline.py", line 100, in forward
    x = layer(x)
        ^^^^^^^^
  File "/home/erikg/.local/lib/python3.12/site-packages/torch/nn/modules/module.py", line 1775, in _wrapped_call_impl
    return self._call_impl(*args, **kwargs)
           ^^^^^^^^^^^^^^^^^^^^^^^^^^^^^^^^
  File "/home/erikg/.local/lib/python3.12/site-packages/torch/nn/modules/module.py", line 1786, in _call_impl
    return forward_call(*args, **kwargs)
           ^^^^^^^^^^^^^^^^^^^^^^^^^^^^^
  File "/home/erikg/.local/lib/python3.12/site-packages/mamba_ssm/modules/mamba2.py", line 178, in forward
    zxbcdt = self.in_proj(u)  # (B, L, d_in_proj) or (B * L, d_in_proj)
             ^^^^^^^^^^^^^^^
  File "/home/erikg/.local/lib/python3.12/site-packages/torch/nn/modules/module.py", line 1775, in _wrapped_call_impl
    return self._call_impl(*args, **kwargs)
           ^^^^^^^^^^^^^^^^^^^^^^^^^^^^^^^^
  File "/home/erikg/.local/lib/python3.12/site-packages/torch/nn/modules/module.py", line 1786, in _call_impl
    return forward_call(*args, **kwargs)
           ^^^^^^^^^^^^^^^^^^^^^^^^^^^^^
  File "/home/erikg/.local/lib/python3.12/site-packages/torch/nn/modules/linear.py", line 134, in forward
    return F.linear(input, self.weight, self.bias)
           ^^^^^^^^^^^^^^^^^^^^^^^^^^^^^^^^^^^^^^^
torch.OutOfMemoryError: CUDA out of memory. Tried to allocate 122.00 MiB. GPU 0 has a total capacity of 47.38 GiB of which 115.44 MiB is free. Process 3275060 has 12.97 GiB memory in use. Process 3276086 has 12.97 GiB memory in use. Process 3293820 has 7.67 GiB memory in use. Process 3294428 has 7.67 GiB memory in use. Including non-PyTorch memory, this process has 5.97 GiB memory in use. Of the allocated memory 5.21 GiB is allocated by PyTorch, and 264.80 MiB is reserved by PyTorch but unallocated. If reserved but unallocated memory is large try setting PYTORCH_CUDA_ALLOC_CONF=expandable_segments:True to avoid fragmentation.  See documentation for Memory Management  (https://pytorch.org/docs/stable/notes/cuda.html#environment-variables)
