Using device: cuda
Output directory: benchmark_results/mega_100m_20260122_155533/E88_d20h32/levelE88d_h20_100m_20260122_155743
Auto r_h_mode: none (level 0 has bounded/no W_h)
Model: Level E88d_h20, 99,605,280 parameters
Using schedule-free AdamW (lr=0.0003)

Starting training from step 0...
Batch size: 32, Chunk size: 512
Gradient accumulation: 1, Effective batch: 32

Time-based training: 10.0 minutes
Traceback (most recent call last):
  File "/home/erikg/elman/train.py", line 584, in <module>
    train(args)
  File "/home/erikg/elman/train.py", line 486, in train
    result = model(
             ^^^^^^
  File "/home/erikg/.local/lib/python3.12/site-packages/torch/nn/modules/module.py", line 1775, in _wrapped_call_impl
    return self._call_impl(*args, **kwargs)
           ^^^^^^^^^^^^^^^^^^^^^^^^^^^^^^^^
  File "/home/erikg/.local/lib/python3.12/site-packages/torch/nn/modules/module.py", line 1786, in _call_impl
    return forward_call(*args, **kwargs)
           ^^^^^^^^^^^^^^^^^^^^^^^^^^^^^
  File "/home/erikg/elman/elman/models/ladder_lm.py", line 786, in forward
    x, h_final = layer(x, prev_hiddens[i])
                 ^^^^^^^^^^^^^^^^^^^^^^^^^
  File "/home/erikg/.local/lib/python3.12/site-packages/torch/nn/modules/module.py", line 1775, in _wrapped_call_impl
    return self._call_impl(*args, **kwargs)
           ^^^^^^^^^^^^^^^^^^^^^^^^^^^^^^^^
  File "/home/erikg/.local/lib/python3.12/site-packages/torch/nn/modules/module.py", line 1786, in _call_impl
    return forward_call(*args, **kwargs)
           ^^^^^^^^^^^^^^^^^^^^^^^^^^^^^
  File "/home/erikg/elman/elman/models/e88_fla_hybrid.py", line 907, in forward
    output = self.o_proj(output)
             ^^^^^^^^^^^^^^^^^^^
  File "/home/erikg/.local/lib/python3.12/site-packages/torch/nn/modules/module.py", line 1775, in _wrapped_call_impl
    return self._call_impl(*args, **kwargs)
           ^^^^^^^^^^^^^^^^^^^^^^^^^^^^^^^^
  File "/home/erikg/.local/lib/python3.12/site-packages/torch/nn/modules/module.py", line 1786, in _call_impl
    return forward_call(*args, **kwargs)
           ^^^^^^^^^^^^^^^^^^^^^^^^^^^^^
  File "/home/erikg/.local/lib/python3.12/site-packages/torch/nn/modules/linear.py", line 134, in forward
    return F.linear(input, self.weight, self.bias)
           ^^^^^^^^^^^^^^^^^^^^^^^^^^^^^^^^^^^^^^^
torch.OutOfMemoryError: CUDA out of memory. Tried to allocate 20.00 MiB. GPU 0 has a total capacity of 47.38 GiB of which 7.44 MiB is free. Process 3293823 has 9.85 GiB memory in use. Process 3294427 has 9.81 GiB memory in use. Process 3298583 has 9.85 GiB memory in use. Process 3299279 has 9.81 GiB memory in use. Including non-PyTorch memory, this process has 8.02 GiB memory in use. Of the allocated memory 7.51 GiB is allocated by PyTorch, and 10.78 MiB is reserved by PyTorch but unallocated. If reserved but unallocated memory is large try setting PYTORCH_CUDA_ALLOC_CONF=expandable_segments:True to avoid fragmentation.  See documentation for Memory Management  (https://pytorch.org/docs/stable/notes/cuda.html#environment-variables)
