Using device: cuda
Output directory: benchmark_results/mega_100m_20260122_155533/E88_h24n24/levelE88f_h24n24_100m_20260122_155742
Auto r_h_mode: none (level 0 has bounded/no W_h)
Model: Level E88f_h24n24, 101,918,752 parameters
Using schedule-free AdamW (lr=0.0003)

Starting training from step 0...
Batch size: 32, Chunk size: 512
Gradient accumulation: 1, Effective batch: 32

Time-based training: 10.0 minutes
Traceback (most recent call last):
  File "/home/erikg/elman/train.py", line 584, in <module>
    train(args)
  File "/home/erikg/elman/train.py", line 486, in train
    result = model(
             ^^^^^^
  File "/home/erikg/.local/lib/python3.12/site-packages/torch/nn/modules/module.py", line 1775, in _wrapped_call_impl
    return self._call_impl(*args, **kwargs)
           ^^^^^^^^^^^^^^^^^^^^^^^^^^^^^^^^
  File "/home/erikg/.local/lib/python3.12/site-packages/torch/nn/modules/module.py", line 1786, in _call_impl
    return forward_call(*args, **kwargs)
           ^^^^^^^^^^^^^^^^^^^^^^^^^^^^^
  File "/home/erikg/elman/elman/models/ladder_lm.py", line 769, in forward
    x, residual = rms_norm_fn(
                  ^^^^^^^^^^^^
  File "/home/erikg/.local/lib/python3.12/site-packages/mamba_ssm/ops/triton/layer_norm.py", line 935, in rms_norm_fn
    return LayerNormFn.apply(
           ^^^^^^^^^^^^^^^^^^
  File "/home/erikg/.local/lib/python3.12/site-packages/torch/autograd/function.py", line 581, in apply
    return super().apply(*args, **kwargs)  # type: ignore[misc]
           ^^^^^^^^^^^^^^^^^^^^^^^^^^^^^^
  File "/home/erikg/.local/lib/python3.12/site-packages/mamba_ssm/ops/triton/layer_norm.py", line 775, in forward
    y, y1, mean, rstd, residual_out, seeds, dropout_mask, dropout_mask1 = _layer_norm_fwd(
                                                                          ^^^^^^^^^^^^^^^^
  File "/home/erikg/.local/lib/python3.12/site-packages/mamba_ssm/ops/triton/layer_norm.py", line 345, in _layer_norm_fwd
    residual_out = torch.empty(
                   ^^^^^^^^^^^^
torch.OutOfMemoryError: CUDA out of memory. Tried to allocate 136.00 MiB. GPU 0 has a total capacity of 47.38 GiB of which 89.44 MiB is free. Process 3293829 has 10.47 GiB memory in use. Process 3294434 has 10.47 GiB memory in use. Process 3298588 has 10.47 GiB memory in use. Process 3299283 has 10.47 GiB memory in use. Including non-PyTorch memory, this process has 5.40 GiB memory in use. Of the allocated memory 4.76 GiB is allocated by PyTorch, and 148.00 MiB is reserved by PyTorch but unallocated. If reserved but unallocated memory is large try setting PYTORCH_CUDA_ALLOC_CONF=expandable_segments:True to avoid fragmentation.  See documentation for Memory Management  (https://pytorch.org/docs/stable/notes/cuda.html#environment-variables)
