# Job 4: E88_h32n16
# GPU: 4
# Command: python train.py --level E88f_h32n16 --dim 2432 --depth 20 --data data/pile.txt --batch_size 32 --chunk_size 512 --lr 3e-4 --warmup_steps 100 --seed 42 --bf16 --train_minutes 10.0 --output benchmark_results/mega_100m_20260122_155145/E88_h32n16
# Started: 2026-01-22T15:51:59.383198
============================================================

Using device: cuda
Output directory: benchmark_results/mega_100m_20260122_155145/E88_h32n16/levelE88f_h32n16_100m_20260122_155206
Auto r_h_mode: none (level 0 has bounded/no W_h)
Model: Level E88f_h32n16, 101,846,464 parameters
Using schedule-free AdamW (lr=0.0003)

Starting training from step 0...
Batch size: 32, Chunk size: 512
Gradient accumulation: 1, Effective batch: 32

Time-based training: 10.0 minutes
step     10 | loss 3.9794 | lr 3.00e-04 | grad 10.25 | tok/s 14835
step     20 | loss 3.2938 | lr 3.00e-04 | grad 17.75 | tok/s 30787
step     30 | loss 4.4249 | lr 3.00e-04 | grad 7.81 | tok/s 32819
step     40 | loss 3.1485 | lr 3.00e-04 | grad 6.00 | tok/s 33406
step     50 | loss 2.5637 | lr 3.00e-04 | grad 3.78 | tok/s 32529
step     60 | loss 2.8527 | lr 3.00e-04 | grad 3.69 | tok/s 31769
step     70 | loss 2.5280 | lr 3.00e-04 | grad 3.02 | tok/s 30864
step     80 | loss 2.5629 | lr 3.00e-04 | grad 3.58 | tok/s 31690
step     90 | loss 2.5969 | lr 3.00e-04 | grad 11.00 | tok/s 30087
step    100 | loss 2.2524 | lr 3.00e-04 | grad 2.50 | tok/s 30279
step    110 | loss 2.2599 | lr 3.00e-04 | grad 2.81 | tok/s 29652
step    120 | loss 2.2633 | lr 3.00e-04 | grad 2.23 | tok/s 29231
step    130 | loss 2.2862 | lr 3.00e-04 | grad 2.28 | tok/s 29903
step    140 | loss 2.0938 | lr 3.00e-04 | grad 2.03 | tok/s 29968
step    150 | loss 1.9824 | lr 3.00e-04 | grad 3.22 | tok/s 28437
step    160 | loss 1.9255 | lr 3.00e-04 | grad 2.39 | tok/s 28899
step    170 | loss 2.1030 | lr 3.00e-04 | grad 11.19 | tok/s 29822
step    180 | loss 2.0575 | lr 3.00e-04 | grad 1.65 | tok/s 29920
step    190 | loss 1.7794 | lr 3.00e-04 | grad 2.20 | tok/s 30309
step    200 | loss 1.4731 | lr 3.00e-04 | grad 2.05 | tok/s 30857
step    210 | loss 2.0169 | lr 3.00e-04 | grad 3.12 | tok/s 29479
step    220 | loss 1.8753 | lr 3.00e-04 | grad 2.06 | tok/s 30549
step    230 | loss 1.8409 | lr 3.00e-04 | grad 3.70 | tok/s 29524
step    240 | loss 1.8268 | lr 3.00e-04 | grad 3.23 | tok/s 29830
step    250 | loss 1.8131 | lr 3.00e-04 | grad 2.58 | tok/s 29639
step    260 | loss 1.8927 | lr 3.00e-04 | grad 1.97 | tok/s 28209
step    270 | loss 1.7886 | lr 3.00e-04 | grad 2.05 | tok/s 29250
step    280 | loss 1.6857 | lr 3.00e-04 | grad 3.14 | tok/s 29271
step    290 | loss 1.5714 | lr 3.00e-04 | grad 2.05 | tok/s 30826
step    300 | loss 1.5083 | lr 3.00e-04 | grad 1.95 | tok/s 30668
step    310 | loss 1.4622 | lr 3.00e-04 | grad 1.76 | tok/s 30765
step    320 | loss 1.6693 | lr 3.00e-04 | grad 4.16 | tok/s 29661
step    330 | loss 1.7634 | lr 3.00e-04 | grad 2.14 | tok/s 28839
step    340 | loss 1.7705 | lr 3.00e-04 | grad 4.91 | tok/s 29702
step    350 | loss 1.7922 | lr 3.00e-04 | grad 2.08 | tok/s 28848
step    360 | loss 1.7429 | lr 3.00e-04 | grad 5.16 | tok/s 28889
step    370 | loss 1.5564 | lr 3.00e-04 | grad 1.86 | tok/s 29598
step    380 | loss 1.9665 | lr 3.00e-04 | grad 2.20 | tok/s 30443
step    390 | loss 1.6950 | lr 3.00e-04 | grad 1.76 | tok/s 29392
step    400 | loss 1.7519 | lr 3.00e-04 | grad 4.53 | tok/s 29934
step    410 | loss 1.5165 | lr 3.00e-04 | grad 4.25 | tok/s 28392
step    420 | loss 1.6571 | lr 3.00e-04 | grad 2.27 | tok/s 20938
step    430 | loss 1.7844 | lr 3.00e-04 | grad 2.88 | tok/s 19409
step    440 | loss 1.7611 | lr 3.00e-04 | grad 1.84 | tok/s 19816
step    450 | loss 1.6847 | lr 3.00e-04 | grad 2.11 | tok/s 19163
step    460 | loss 1.6769 | lr 3.00e-04 | grad 1.84 | tok/s 19323
step    470 | loss 1.6374 | lr 3.00e-04 | grad 2.31 | tok/s 19674
step    480 | loss 1.5662 | lr 3.00e-04 | grad 1.80 | tok/s 18123
step    490 | loss 1.5635 | lr 3.00e-04 | grad 1.63 | tok/s 14844
step    500 | loss 2.1198 | lr 3.00e-04 | grad 2.88 | tok/s 14696
step    510 | loss 1.5239 | lr 3.00e-04 | grad 1.66 | tok/s 14448
step    520 | loss 1.5161 | lr 3.00e-04 | grad 1.80 | tok/s 14774
step    530 | loss 2.0690 | lr 3.00e-04 | grad 1.86 | tok/s 14644
Traceback (most recent call last):
  File "/home/erikg/elman/train.py", line 584, in <module>
    train(args)
  File "/home/erikg/elman/train.py", line 510, in train
    scaled_loss.backward()
  File "/home/erikg/.local/lib/python3.12/site-packages/torch/_tensor.py", line 625, in backward
    torch.autograd.backward(
  File "/home/erikg/.local/lib/python3.12/site-packages/torch/autograd/__init__.py", line 354, in backward
    _engine_run_backward(
  File "/home/erikg/.local/lib/python3.12/site-packages/torch/autograd/graph.py", line 841, in _engine_run_backward
    return Variable._execution_engine.run_backward(  # Calls into the C++ engine to run the backward pass
           ^^^^^^^^^^^^^^^^^^^^^^^^^^^^^^^^^^^^^^^^^^^^^^^^^^^^^^^^^^^^^^^^^^^^^^^^^^^^^^^^^^^^^^^^^^^^^^
torch.AcceleratorError: CUDA error: out of memory
Search for `cudaErrorMemoryAllocation' in https://docs.nvidia.com/cuda/cuda-runtime-api/group__CUDART__TYPES.html for more information.
CUDA kernel errors might be asynchronously reported at some other API call, so the stacktrace below might be incorrect.
For debugging consider passing CUDA_LAUNCH_BLOCKING=1
Compile with `TORCH_USE_CUDA_DSA` to enable device-side assertions.

