# Job 44: 44
# GPU: 6
# Command: python train.py --level 44 --dim 640 --expansion 2.0 --data data/pile.txt --depth 20 --batch_size 32 --chunk_size 512 --lr 3e-4 --warmup_steps 100 --seed 42 --bf16 --train_minutes 10 --output benchmark_results/all_models_20260119_213946/44
# Started: 2026-01-19T22:30:54.651569
============================================================

Using device: cuda
Output directory: benchmark_results/all_models_20260119_213946/44/level44_100m_20260119_223059
Auto r_h_mode: none (level 44 has bounded/no W_h)
Model: Level 44, 32,996,480 parameters

Starting training from step 0...
Batch size: 32, Chunk size: 512
Gradient accumulation: 1, Effective batch: 32

Time-based training: 10.0 minutes
step     10 | loss 5.6645 | lr 2.70e-05 | grad 12.62 | tok/s 28157
step     20 | loss 5.0076 | lr 5.70e-05 | grad 7.38 | tok/s 113097
step     30 | loss 4.9142 | lr 8.70e-05 | grad 4.12 | tok/s 124465
step     40 | loss 4.0409 | lr 1.17e-04 | grad 1.96 | tok/s 127067
step     50 | loss nan | lr 1.47e-04 | grad nan | tok/s 142097
step     60 | loss nan | lr 1.77e-04 | grad nan | tok/s 117932
step     70 | loss nan | lr 2.07e-04 | grad nan | tok/s 131314
step     80 | loss nan | lr 2.37e-04 | grad nan | tok/s 129235
step     90 | loss nan | lr 2.67e-04 | grad nan | tok/s 115732
step    100 | loss nan | lr 2.97e-04 | grad nan | tok/s 143576
step    110 | loss nan | lr 6.94e-06 | grad nan | tok/s 134412
step    120 | loss nan | lr 2.69e-05 | grad nan | tok/s 126402
step    130 | loss nan | lr 5.89e-05 | grad nan | tok/s 105942
step    140 | loss nan | lr 9.99e-05 | grad nan | tok/s 103339
step    150 | loss nan | lr 1.46e-04 | grad nan | tok/s 98959
step    160 | loss nan | lr 1.92e-04 | grad nan | tok/s 104794
step    170 | loss nan | lr 2.35e-04 | grad nan | tok/s 111426
step    180 | loss nan | lr 2.69e-04 | grad nan | tok/s 122193
step    190 | loss nan | lr 2.91e-04 | grad nan | tok/s 139567
step    200 | loss nan | lr 3.00e-04 | grad nan | tok/s 145001
step    210 | loss nan | lr 2.94e-04 | grad nan | tok/s 140692
step    220 | loss nan | lr 2.74e-04 | grad nan | tok/s 145689
step    230 | loss nan | lr 2.42e-04 | grad nan | tok/s 140585
step    240 | loss nan | lr 2.01e-04 | grad nan | tok/s 143808
step    250 | loss nan | lr 1.55e-04 | grad nan | tok/s 141196
step    260 | loss nan | lr 1.09e-04 | grad nan | tok/s 135795
step    270 | loss nan | lr 6.65e-05 | grad nan | tok/s 141166
step    280 | loss nan | lr 3.24e-05 | grad nan | tok/s 141083
step    290 | loss nan | lr 9.84e-06 | grad nan | tok/s 148053
step    300 | loss nan | lr 1.07e-06 | grad nan | tok/s 148096
step    310 | loss nan | lr 6.94e-06 | grad nan | tok/s 148391
step    320 | loss nan | lr 2.69e-05 | grad nan | tok/s 143333
step    330 | loss nan | lr 5.89e-05 | grad nan | tok/s 139059
step    340 | loss nan | lr 9.99e-05 | grad nan | tok/s 142206
step    350 | loss nan | lr 1.46e-04 | grad nan | tok/s 137667
step    360 | loss nan | lr 1.92e-04 | grad nan | tok/s 139982
step    370 | loss nan | lr 2.35e-04 | grad nan | tok/s 142839
step    380 | loss nan | lr 2.69e-04 | grad nan | tok/s 146362
step    390 | loss nan | lr 2.91e-04 | grad nan | tok/s 140928
step    400 | loss nan | lr 3.00e-04 | grad nan | tok/s 144780
step    410 | loss nan | lr 2.94e-04 | grad nan | tok/s 140081
step    420 | loss nan | lr 2.74e-04 | grad nan | tok/s 139760
step    430 | loss nan | lr 2.42e-04 | grad nan | tok/s 139030
step    440 | loss nan | lr 2.01e-04 | grad nan | tok/s 144299
step    450 | loss nan | lr 1.55e-04 | grad nan | tok/s 140045
step    460 | loss nan | lr 1.09e-04 | grad nan | tok/s 140874
step    470 | loss nan | lr 6.65e-05 | grad nan | tok/s 142715
step    480 | loss nan | lr 3.24e-05 | grad nan | tok/s 137633
step    490 | loss nan | lr 9.84e-06 | grad nan | tok/s 140448
step    500 | loss nan | lr 1.07e-06 | grad nan | tok/s 144086
step    510 | loss nan | lr 6.94e-06 | grad nan | tok/s 140823
step    520 | loss nan | lr 2.69e-05 | grad nan | tok/s 145315
step    530 | loss nan | lr 5.89e-05 | grad nan | tok/s 142171
step    540 | loss nan | lr 9.99e-05 | grad nan | tok/s 141757
step    550 | loss nan | lr 1.46e-04 | grad nan | tok/s 146186
step    560 | loss nan | lr 1.92e-04 | grad nan | tok/s 147255
step    570 | loss nan | lr 2.35e-04 | grad nan | tok/s 144466
step    580 | loss nan | lr 2.69e-04 | grad nan | tok/s 142354
step    590 | loss nan | lr 2.91e-04 | grad nan | tok/s 139783
step    600 | loss nan | lr 3.00e-04 | grad nan | tok/s 139943
step    610 | loss nan | lr 2.94e-04 | grad nan | tok/s 146523
step    620 | loss nan | lr 2.74e-04 | grad nan | tok/s 139807
step    630 | loss nan | lr 2.42e-04 | grad nan | tok/s 143765
step    640 | loss nan | lr 2.01e-04 | grad nan | tok/s 143408
step    650 | loss nan | lr 1.55e-04 | grad nan | tok/s 141186
step    660 | loss nan | lr 1.09e-04 | grad nan | tok/s 140336
step    670 | loss nan | lr 6.65e-05 | grad nan | tok/s 144761
step    680 | loss nan | lr 3.24e-05 | grad nan | tok/s 139700
step    690 | loss nan | lr 9.84e-06 | grad nan | tok/s 140015
step    700 | loss nan | lr 1.07e-06 | grad nan | tok/s 141424
step    710 | loss nan | lr 6.94e-06 | grad nan | tok/s 141953
step    720 | loss nan | lr 2.68e-05 | grad nan | tok/s 141660
step    730 | loss nan | lr 5.89e-05 | grad nan | tok/s 143121
step    740 | loss nan | lr 9.99e-05 | grad nan | tok/s 141838
step    750 | loss nan | lr 1.46e-04 | grad nan | tok/s 139925
step    760 | loss nan | lr 1.92e-04 | grad nan | tok/s 141473
step    770 | loss nan | lr 2.35e-04 | grad nan | tok/s 141348
step    780 | loss nan | lr 2.69e-04 | grad nan | tok/s 142758
step    790 | loss nan | lr 2.91e-04 | grad nan | tok/s 143562
step    800 | loss nan | lr 3.00e-04 | grad nan | tok/s 143272
step    810 | loss nan | lr 2.94e-04 | grad nan | tok/s 142494
step    820 | loss nan | lr 2.74e-04 | grad nan | tok/s 146016
step    830 | loss nan | lr 2.42e-04 | grad nan | tok/s 148406
step    840 | loss nan | lr 2.01e-04 | grad nan | tok/s 148198
step    850 | loss nan | lr 1.55e-04 | grad nan | tok/s 140900
step    860 | loss nan | lr 1.09e-04 | grad nan | tok/s 138455
step    870 | loss nan | lr 6.65e-05 | grad nan | tok/s 142897
step    880 | loss nan | lr 3.24e-05 | grad nan | tok/s 141810
step    890 | loss nan | lr 9.84e-06 | grad nan | tok/s 141681
step    900 | loss nan | lr 1.07e-06 | grad nan | tok/s 137989
step    910 | loss nan | lr 6.94e-06 | grad nan | tok/s 140604
step    920 | loss nan | lr 2.68e-05 | grad nan | tok/s 140443
step    930 | loss nan | lr 5.89e-05 | grad nan | tok/s 140133
step    940 | loss nan | lr 9.99e-05 | grad nan | tok/s 137881
step    950 | loss nan | lr 1.46e-04 | grad nan | tok/s 141984
step    960 | loss nan | lr 1.92e-04 | grad nan | tok/s 148730
step    970 | loss nan | lr 2.35e-04 | grad nan | tok/s 148512
step    980 | loss nan | lr 2.69e-04 | grad nan | tok/s 144354
step    990 | loss nan | lr 2.91e-04 | grad nan | tok/s 140051
step   1000 | loss nan | lr 3.00e-04 | grad nan | tok/s 137501
  >>> saved checkpoint: checkpoint_step_001000_loss_nan.pt
step   1010 | loss nan | lr 2.94e-04 | grad nan | tok/s 121882
step   1020 | loss nan | lr 2.74e-04 | grad nan | tok/s 140643
step   1030 | loss nan | lr 2.42e-04 | grad nan | tok/s 138613
step   1040 | loss nan | lr 2.01e-04 | grad nan | tok/s 141786
step   1050 | loss nan | lr 1.55e-04 | grad nan | tok/s 141674
step   1060 | loss nan | lr 1.09e-04 | grad nan | tok/s 141938
step   1070 | loss nan | lr 6.65e-05 | grad nan | tok/s 142298
step   1080 | loss nan | lr 3.24e-05 | grad nan | tok/s 140858
step   1090 | loss nan | lr 9.84e-06 | grad nan | tok/s 141797
step   1100 | loss nan | lr 1.07e-06 | grad nan | tok/s 140603
step   1110 | loss nan | lr 6.93e-06 | grad nan | tok/s 143473
step   1120 | loss nan | lr 2.68e-05 | grad nan | tok/s 145025
step   1130 | loss nan | lr 5.89e-05 | grad nan | tok/s 137788
step   1140 | loss nan | lr 9.99e-05 | grad nan | tok/s 141244
step   1150 | loss nan | lr 1.46e-04 | grad nan | tok/s 141184
step   1160 | loss nan | lr 1.92e-04 | grad nan | tok/s 139818
step   1170 | loss nan | lr 2.35e-04 | grad nan | tok/s 140622
step   1180 | loss nan | lr 2.69e-04 | grad nan | tok/s 148483
step   1190 | loss nan | lr 2.91e-04 | grad nan | tok/s 148392
step   1200 | loss nan | lr 3.00e-04 | grad nan | tok/s 148547
step   1210 | loss nan | lr 2.94e-04 | grad nan | tok/s 148731
step   1220 | loss nan | lr 2.74e-04 | grad nan | tok/s 147083
step   1230 | loss nan | lr 2.42e-04 | grad nan | tok/s 142313
step   1240 | loss nan | lr 2.01e-04 | grad nan | tok/s 139211
step   1250 | loss nan | lr 1.55e-04 | grad nan | tok/s 143367
step   1260 | loss nan | lr 1.09e-04 | grad nan | tok/s 143449
step   1270 | loss nan | lr 6.65e-05 | grad nan | tok/s 142167
step   1280 | loss nan | lr 3.24e-05 | grad nan | tok/s 140599
step   1290 | loss nan | lr 9.84e-06 | grad nan | tok/s 139697
step   1300 | loss nan | lr 1.07e-06 | grad nan | tok/s 138970
step   1310 | loss nan | lr 6.93e-06 | grad nan | tok/s 138869
step   1320 | loss nan | lr 2.68e-05 | grad nan | tok/s 141145
step   1330 | loss nan | lr 5.89e-05 | grad nan | tok/s 141669
step   1340 | loss nan | lr 9.99e-05 | grad nan | tok/s 141635
step   1350 | loss nan | lr 1.46e-04 | grad nan | tok/s 145409
step   1360 | loss nan | lr 1.92e-04 | grad nan | tok/s 138061
step   1370 | loss nan | lr 2.35e-04 | grad nan | tok/s 140007
step   1380 | loss nan | lr 2.69e-04 | grad nan | tok/s 141783
step   1390 | loss nan | lr 2.91e-04 | grad nan | tok/s 137978
step   1400 | loss nan | lr 3.00e-04 | grad nan | tok/s 143496
step   1410 | loss nan | lr 2.94e-04 | grad nan | tok/s 144354
step   1420 | loss nan | lr 2.74e-04 | grad nan | tok/s 137815
step   1430 | loss nan | lr 2.42e-04 | grad nan | tok/s 134802
step   1440 | loss nan | lr 2.01e-04 | grad nan | tok/s 142296
step   1450 | loss nan | lr 1.55e-04 | grad nan | tok/s 144203
step   1460 | loss nan | lr 1.09e-04 | grad nan | tok/s 135126
step   1470 | loss nan | lr 6.65e-05 | grad nan | tok/s 140188
step   1480 | loss nan | lr 3.24e-05 | grad nan | tok/s 141930
step   1490 | loss nan | lr 9.84e-06 | grad nan | tok/s 141587
step   1500 | loss nan | lr 1.07e-06 | grad nan | tok/s 137889
step   1510 | loss nan | lr 6.93e-06 | grad nan | tok/s 144590
step   1520 | loss nan | lr 2.68e-05 | grad nan | tok/s 144070
step   1530 | loss nan | lr 5.89e-05 | grad nan | tok/s 143174
step   1540 | loss nan | lr 9.99e-05 | grad nan | tok/s 139846
step   1550 | loss nan | lr 1.46e-04 | grad nan | tok/s 145224
step   1560 | loss nan | lr 1.92e-04 | grad nan | tok/s 141461
step   1570 | loss nan | lr 2.35e-04 | grad nan | tok/s 139550
step   1580 | loss nan | lr 2.69e-04 | grad nan | tok/s 143652
step   1590 | loss nan | lr 2.91e-04 | grad nan | tok/s 139946
step   1600 | loss nan | lr 3.00e-04 | grad nan | tok/s 137489
step   1610 | loss nan | lr 2.94e-04 | grad nan | tok/s 145142
step   1620 | loss nan | lr 2.74e-04 | grad nan | tok/s 143286
step   1630 | loss nan | lr 2.42e-04 | grad nan | tok/s 144550
step   1640 | loss nan | lr 2.01e-04 | grad nan | tok/s 139568
step   1650 | loss nan | lr 1.55e-04 | grad nan | tok/s 137378
step   1660 | loss nan | lr 1.09e-04 | grad nan | tok/s 138386
step   1670 | loss nan | lr 6.65e-05 | grad nan | tok/s 144397
step   1680 | loss nan | lr 3.24e-05 | grad nan | tok/s 144353
step   1690 | loss nan | lr 9.84e-06 | grad nan | tok/s 141341
step   1700 | loss nan | lr 1.07e-06 | grad nan | tok/s 143796
step   1710 | loss nan | lr 6.93e-06 | grad nan | tok/s 140104
step   1720 | loss nan | lr 2.68e-05 | grad nan | tok/s 140872
step   1730 | loss nan | lr 5.89e-05 | grad nan | tok/s 140557
step   1740 | loss nan | lr 9.99e-05 | grad nan | tok/s 142351
step   1750 | loss nan | lr 1.46e-04 | grad nan | tok/s 137351
step   1760 | loss nan | lr 1.92e-04 | grad nan | tok/s 139653
step   1770 | loss nan | lr 2.35e-04 | grad nan | tok/s 142631
step   1780 | loss nan | lr 2.69e-04 | grad nan | tok/s 137168
step   1790 | loss nan | lr 2.91e-04 | grad nan | tok/s 139682
step   1800 | loss nan | lr 3.00e-04 | grad nan | tok/s 142494
step   1810 | loss nan | lr 2.94e-04 | grad nan | tok/s 141063
step   1820 | loss nan | lr 2.74e-04 | grad nan | tok/s 140231
step   1830 | loss nan | lr 2.42e-04 | grad nan | tok/s 140004
step   1840 | loss nan | lr 2.01e-04 | grad nan | tok/s 138172
step   1850 | loss nan | lr 1.55e-04 | grad nan | tok/s 139933
step   1860 | loss nan | lr 1.09e-04 | grad nan | tok/s 139382
step   1870 | loss nan | lr 6.65e-05 | grad nan | tok/s 142570
step   1880 | loss nan | lr 3.24e-05 | grad nan | tok/s 143253
step   1890 | loss nan | lr 9.84e-06 | grad nan | tok/s 140207
step   1900 | loss nan | lr 1.07e-06 | grad nan | tok/s 141942
step   1910 | loss nan | lr 6.93e-06 | grad nan | tok/s 140008
step   1920 | loss nan | lr 2.68e-05 | grad nan | tok/s 144579
step   1930 | loss nan | lr 5.89e-05 | grad nan | tok/s 143142
step   1940 | loss nan | lr 9.99e-05 | grad nan | tok/s 145657
step   1950 | loss nan | lr 1.46e-04 | grad nan | tok/s 142389
step   1960 | loss nan | lr 1.92e-04 | grad nan | tok/s 144991
step   1970 | loss nan | lr 2.35e-04 | grad nan | tok/s 140099
step   1980 | loss nan | lr 2.69e-04 | grad nan | tok/s 140053
step   1990 | loss nan | lr 2.91e-04 | grad nan | tok/s 143305
step   2000 | loss nan | lr 3.00e-04 | grad nan | tok/s 144466
  >>> saved checkpoint: checkpoint_step_002000_loss_nan.pt
step   2010 | loss nan | lr 2.94e-04 | grad nan | tok/s 123513
step   2020 | loss nan | lr 2.74e-04 | grad nan | tok/s 148316
step   2030 | loss nan | lr 2.42e-04 | grad nan | tok/s 146765
step   2040 | loss nan | lr 2.01e-04 | grad nan | tok/s 148012
step   2050 | loss nan | lr 1.55e-04 | grad nan | tok/s 146667
step   2060 | loss nan | lr 1.09e-04 | grad nan | tok/s 139426
step   2070 | loss nan | lr 6.65e-05 | grad nan | tok/s 146757
step   2080 | loss nan | lr 3.24e-05 | grad nan | tok/s 138898
step   2090 | loss nan | lr 9.84e-06 | grad nan | tok/s 144107
step   2100 | loss nan | lr 1.07e-06 | grad nan | tok/s 139479
step   2110 | loss nan | lr 6.93e-06 | grad nan | tok/s 144328
step   2120 | loss nan | lr 2.68e-05 | grad nan | tok/s 142535
step   2130 | loss nan | lr 5.89e-05 | grad nan | tok/s 139222
step   2140 | loss nan | lr 9.99e-05 | grad nan | tok/s 139381
step   2150 | loss nan | lr 1.46e-04 | grad nan | tok/s 140519
step   2160 | loss nan | lr 1.92e-04 | grad nan | tok/s 138816
step   2170 | loss nan | lr 2.35e-04 | grad nan | tok/s 140768
step   2180 | loss nan | lr 2.69e-04 | grad nan | tok/s 144274
step   2190 | loss nan | lr 2.91e-04 | grad nan | tok/s 143673
step   2200 | loss nan | lr 3.00e-04 | grad nan | tok/s 148204
step   2210 | loss nan | lr 2.94e-04 | grad nan | tok/s 148398
step   2220 | loss nan | lr 2.74e-04 | grad nan | tok/s 147832
step   2230 | loss nan | lr 2.42e-04 | grad nan | tok/s 143655
step   2240 | loss nan | lr 2.01e-04 | grad nan | tok/s 146487
step   2250 | loss nan | lr 1.55e-04 | grad nan | tok/s 145266
step   2260 | loss nan | lr 1.09e-04 | grad nan | tok/s 143285
step   2270 | loss nan | lr 6.65e-05 | grad nan | tok/s 139943
step   2280 | loss nan | lr 3.24e-05 | grad nan | tok/s 140692
step   2290 | loss nan | lr 9.84e-06 | grad nan | tok/s 142234
step   2300 | loss nan | lr 1.07e-06 | grad nan | tok/s 136897
step   2310 | loss nan | lr 6.93e-06 | grad nan | tok/s 146175
step   2320 | loss nan | lr 2.68e-05 | grad nan | tok/s 148374
step   2330 | loss nan | lr 5.89e-05 | grad nan | tok/s 149132
step   2340 | loss nan | lr 9.98e-05 | grad nan | tok/s 145295
step   2350 | loss nan | lr 1.46e-04 | grad nan | tok/s 140483
step   2360 | loss nan | lr 1.92e-04 | grad nan | tok/s 143501
step   2370 | loss nan | lr 2.35e-04 | grad nan | tok/s 142685
step   2380 | loss nan | lr 2.69e-04 | grad nan | tok/s 140845
step   2390 | loss nan | lr 2.91e-04 | grad nan | tok/s 140860
step   2400 | loss nan | lr 3.00e-04 | grad nan | tok/s 139231
step   2410 | loss nan | lr 2.94e-04 | grad nan | tok/s 140222
step   2420 | loss nan | lr 2.74e-04 | grad nan | tok/s 141532
step   2430 | loss nan | lr 2.42e-04 | grad nan | tok/s 139739
step   2440 | loss nan | lr 2.01e-04 | grad nan | tok/s 143219
step   2450 | loss nan | lr 1.55e-04 | grad nan | tok/s 141647
step   2460 | loss nan | lr 1.09e-04 | grad nan | tok/s 144412
step   2470 | loss nan | lr 6.65e-05 | grad nan | tok/s 148170
step   2480 | loss nan | lr 3.24e-05 | grad nan | tok/s 142217
step   2490 | loss nan | lr 9.84e-06 | grad nan | tok/s 139562
step   2500 | loss nan | lr 1.07e-06 | grad nan | tok/s 143505
step   2510 | loss nan | lr 6.93e-06 | grad nan | tok/s 142751
step   2520 | loss nan | lr 2.68e-05 | grad nan | tok/s 139830
step   2530 | loss nan | lr 5.89e-05 | grad nan | tok/s 138743
step   2540 | loss nan | lr 9.98e-05 | grad nan | tok/s 139753
step   2550 | loss nan | lr 1.46e-04 | grad nan | tok/s 141624
step   2560 | loss nan | lr 1.92e-04 | grad nan | tok/s 144368
step   2570 | loss nan | lr 2.35e-04 | grad nan | tok/s 138627
step   2580 | loss nan | lr 2.69e-04 | grad nan | tok/s 144166
step   2590 | loss nan | lr 2.91e-04 | grad nan | tok/s 140279
step   2600 | loss nan | lr 3.00e-04 | grad nan | tok/s 143741
step   2610 | loss nan | lr 2.94e-04 | grad nan | tok/s 145307
step   2620 | loss nan | lr 2.74e-04 | grad nan | tok/s 148647
step   2630 | loss nan | lr 2.42e-04 | grad nan | tok/s 144028
step   2640 | loss nan | lr 2.01e-04 | grad nan | tok/s 139561
step   2650 | loss nan | lr 1.55e-04 | grad nan | tok/s 135215
step   2660 | loss nan | lr 1.09e-04 | grad nan | tok/s 145784
step   2670 | loss nan | lr 6.65e-05 | grad nan | tok/s 148766
step   2680 | loss nan | lr 3.24e-05 | grad nan | tok/s 148954
step   2690 | loss nan | lr 9.84e-06 | grad nan | tok/s 148056
step   2700 | loss nan | lr 1.07e-06 | grad nan | tok/s 142506
step   2710 | loss nan | lr 6.93e-06 | grad nan | tok/s 138853
step   2720 | loss nan | lr 2.68e-05 | grad nan | tok/s 146848
step   2730 | loss nan | lr 5.89e-05 | grad nan | tok/s 141997
step   2740 | loss nan | lr 9.98e-05 | grad nan | tok/s 141394
step   2750 | loss nan | lr 1.46e-04 | grad nan | tok/s 142841
step   2760 | loss nan | lr 1.92e-04 | grad nan | tok/s 137367
step   2770 | loss nan | lr 2.35e-04 | grad nan | tok/s 143321
step   2780 | loss nan | lr 2.69e-04 | grad nan | tok/s 138141
step   2790 | loss nan | lr 2.91e-04 | grad nan | tok/s 141585
step   2800 | loss nan | lr 3.00e-04 | grad nan | tok/s 141479
step   2810 | loss nan | lr 2.94e-04 | grad nan | tok/s 143599
step   2820 | loss nan | lr 2.74e-04 | grad nan | tok/s 145028
step   2830 | loss nan | lr 2.42e-04 | grad nan | tok/s 144504
step   2840 | loss nan | lr 2.01e-04 | grad nan | tok/s 141848
step   2850 | loss nan | lr 1.55e-04 | grad nan | tok/s 145315
step   2860 | loss nan | lr 1.09e-04 | grad nan | tok/s 141614
step   2870 | loss nan | lr 6.65e-05 | grad nan | tok/s 141509
step   2880 | loss nan | lr 3.24e-05 | grad nan | tok/s 142413
step   2890 | loss nan | lr 9.84e-06 | grad nan | tok/s 143894
step   2900 | loss nan | lr 1.07e-06 | grad nan | tok/s 138130
step   2910 | loss nan | lr 6.93e-06 | grad nan | tok/s 138384
step   2920 | loss nan | lr 2.68e-05 | grad nan | tok/s 145323
step   2930 | loss nan | lr 5.89e-05 | grad nan | tok/s 142262
step   2940 | loss nan | lr 9.98e-05 | grad nan | tok/s 138849
step   2950 | loss nan | lr 1.46e-04 | grad nan | tok/s 139083
step   2960 | loss nan | lr 1.92e-04 | grad nan | tok/s 140572
step   2970 | loss nan | lr 2.35e-04 | grad nan | tok/s 139474
step   2980 | loss nan | lr 2.69e-04 | grad nan | tok/s 142127
step   2990 | loss nan | lr 2.91e-04 | grad nan | tok/s 142523
step   3000 | loss nan | lr 3.00e-04 | grad nan | tok/s 144039
  >>> saved checkpoint: checkpoint_step_003000_loss_nan.pt
step   3010 | loss nan | lr 2.94e-04 | grad nan | tok/s 119781
step   3020 | loss nan | lr 2.74e-04 | grad nan | tok/s 141672
step   3030 | loss nan | lr 2.42e-04 | grad nan | tok/s 140595
step   3040 | loss nan | lr 2.01e-04 | grad nan | tok/s 140241
step   3050 | loss nan | lr 1.55e-04 | grad nan | tok/s 141310
step   3060 | loss nan | lr 1.09e-04 | grad nan | tok/s 139201
step   3070 | loss nan | lr 6.65e-05 | grad nan | tok/s 140220
step   3080 | loss nan | lr 3.24e-05 | grad nan | tok/s 143358
step   3090 | loss nan | lr 9.84e-06 | grad nan | tok/s 143118
step   3100 | loss nan | lr 1.07e-06 | grad nan | tok/s 139746
step   3110 | loss nan | lr 6.93e-06 | grad nan | tok/s 143181
step   3120 | loss nan | lr 2.68e-05 | grad nan | tok/s 138651
step   3130 | loss nan | lr 5.89e-05 | grad nan | tok/s 145403
step   3140 | loss nan | lr 9.98e-05 | grad nan | tok/s 148497
step   3150 | loss nan | lr 1.46e-04 | grad nan | tok/s 148258
step   3160 | loss nan | lr 1.92e-04 | grad nan | tok/s 137609
step   3170 | loss nan | lr 2.35e-04 | grad nan | tok/s 140521
step   3180 | loss nan | lr 2.69e-04 | grad nan | tok/s 142031
step   3190 | loss nan | lr 2.91e-04 | grad nan | tok/s 142362
step   3200 | loss nan | lr 3.00e-04 | grad nan | tok/s 141666
step   3210 | loss nan | lr 2.94e-04 | grad nan | tok/s 145303
step   3220 | loss nan | lr 2.74e-04 | grad nan | tok/s 145780
step   3230 | loss nan | lr 2.42e-04 | grad nan | tok/s 141155
step   3240 | loss nan | lr 2.01e-04 | grad nan | tok/s 133735
step   3250 | loss nan | lr 1.55e-04 | grad nan | tok/s 132177
step   3260 | loss nan | lr 1.09e-04 | grad nan | tok/s 140268
step   3270 | loss nan | lr 6.65e-05 | grad nan | tok/s 142481
step   3280 | loss nan | lr 3.24e-05 | grad nan | tok/s 141188
step   3290 | loss nan | lr 9.84e-06 | grad nan | tok/s 145991
step   3300 | loss nan | lr 1.07e-06 | grad nan | tok/s 139545
step   3310 | loss nan | lr 6.93e-06 | grad nan | tok/s 142935
step   3320 | loss nan | lr 2.68e-05 | grad nan | tok/s 140002
step   3330 | loss nan | lr 5.89e-05 | grad nan | tok/s 144427
step   3340 | loss nan | lr 9.98e-05 | grad nan | tok/s 137576
step   3350 | loss nan | lr 1.46e-04 | grad nan | tok/s 136573
step   3360 | loss nan | lr 1.92e-04 | grad nan | tok/s 147100
step   3370 | loss nan | lr 2.35e-04 | grad nan | tok/s 145543
step   3380 | loss nan | lr 2.69e-04 | grad nan | tok/s 140163
step   3390 | loss nan | lr 2.91e-04 | grad nan | tok/s 143649
step   3400 | loss nan | lr 3.00e-04 | grad nan | tok/s 142231
step   3410 | loss nan | lr 2.94e-04 | grad nan | tok/s 137297
step   3420 | loss nan | lr 2.74e-04 | grad nan | tok/s 141003
step   3430 | loss nan | lr 2.42e-04 | grad nan | tok/s 144883
step   3440 | loss nan | lr 2.01e-04 | grad nan | tok/s 144366
step   3450 | loss nan | lr 1.55e-04 | grad nan | tok/s 141797
step   3460 | loss nan | lr 1.09e-04 | grad nan | tok/s 143644
step   3470 | loss nan | lr 6.65e-05 | grad nan | tok/s 146461
step   3480 | loss nan | lr 3.24e-05 | grad nan | tok/s 135315
step   3490 | loss nan | lr 9.84e-06 | grad nan | tok/s 131082
step   3500 | loss nan | lr 1.07e-06 | grad nan | tok/s 137891
step   3510 | loss nan | lr 6.93e-06 | grad nan | tok/s 141144
step   3520 | loss nan | lr 2.68e-05 | grad nan | tok/s 140173
step   3530 | loss nan | lr 5.89e-05 | grad nan | tok/s 140956
step   3540 | loss nan | lr 9.98e-05 | grad nan | tok/s 139778
step   3550 | loss nan | lr 1.46e-04 | grad nan | tok/s 139804
step   3560 | loss nan | lr 1.92e-04 | grad nan | tok/s 142779
step   3570 | loss nan | lr 2.35e-04 | grad nan | tok/s 140177
step   3580 | loss nan | lr 2.69e-04 | grad nan | tok/s 138875
step   3590 | loss nan | lr 2.91e-04 | grad nan | tok/s 143395
step   3600 | loss nan | lr 3.00e-04 | grad nan | tok/s 136352
step   3610 | loss nan | lr 2.94e-04 | grad nan | tok/s 140442
step   3620 | loss nan | lr 2.74e-04 | grad nan | tok/s 137193
step   3630 | loss nan | lr 2.42e-04 | grad nan | tok/s 147187
step   3640 | loss nan | lr 2.01e-04 | grad nan | tok/s 140055
step   3650 | loss nan | lr 1.55e-04 | grad nan | tok/s 147996
step   3660 | loss nan | lr 1.09e-04 | grad nan | tok/s 148407
step   3670 | loss nan | lr 6.65e-05 | grad nan | tok/s 148328
step   3680 | loss nan | lr 3.24e-05 | grad nan | tok/s 148562
step   3690 | loss nan | lr 9.84e-06 | grad nan | tok/s 145219
step   3700 | loss nan | lr 1.07e-06 | grad nan | tok/s 143070
step   3710 | loss nan | lr 6.93e-06 | grad nan | tok/s 141339
step   3720 | loss nan | lr 2.68e-05 | grad nan | tok/s 143610
step   3730 | loss nan | lr 5.89e-05 | grad nan | tok/s 138649
step   3740 | loss nan | lr 9.98e-05 | grad nan | tok/s 142147
step   3750 | loss nan | lr 1.46e-04 | grad nan | tok/s 146373
step   3760 | loss nan | lr 1.92e-04 | grad nan | tok/s 143112
step   3770 | loss nan | lr 2.35e-04 | grad nan | tok/s 145709
step   3780 | loss nan | lr 2.69e-04 | grad nan | tok/s 143020
step   3790 | loss nan | lr 2.91e-04 | grad nan | tok/s 143765
step   3800 | loss nan | lr 3.00e-04 | grad nan | tok/s 143403
step   3810 | loss nan | lr 2.94e-04 | grad nan | tok/s 141732
step   3820 | loss nan | lr 2.74e-04 | grad nan | tok/s 142928
step   3830 | loss nan | lr 2.42e-04 | grad nan | tok/s 143402
step   3840 | loss nan | lr 2.01e-04 | grad nan | tok/s 142380
step   3850 | loss nan | lr 1.55e-04 | grad nan | tok/s 142244
step   3860 | loss nan | lr 1.09e-04 | grad nan | tok/s 142150
step   3870 | loss nan | lr 6.65e-05 | grad nan | tok/s 143278
step   3880 | loss nan | lr 3.24e-05 | grad nan | tok/s 142972
step   3890 | loss nan | lr 9.84e-06 | grad nan | tok/s 139721
step   3900 | loss nan | lr 1.07e-06 | grad nan | tok/s 142150
step   3910 | loss nan | lr 6.93e-06 | grad nan | tok/s 142516
step   3920 | loss nan | lr 2.68e-05 | grad nan | tok/s 107208
step   3930 | loss nan | lr 5.89e-05 | grad nan | tok/s 101617
step   3940 | loss nan | lr 9.98e-05 | grad nan | tok/s 99487
step   3950 | loss nan | lr 1.46e-04 | grad nan | tok/s 100419
step   3960 | loss nan | lr 1.92e-04 | grad nan | tok/s 104326
step   3970 | loss nan | lr 2.35e-04 | grad nan | tok/s 102427
step   3980 | loss nan | lr 2.69e-04 | grad nan | tok/s 103770
step   3990 | loss nan | lr 2.91e-04 | grad nan | tok/s 103883
step   4000 | loss nan | lr 3.00e-04 | grad nan | tok/s 101452
  >>> saved checkpoint: checkpoint_step_004000_loss_nan.pt
step   4010 | loss nan | lr 2.94e-04 | grad nan | tok/s 118449
step   4020 | loss nan | lr 2.74e-04 | grad nan | tok/s 139618
step   4030 | loss nan | lr 2.42e-04 | grad nan | tok/s 144731
step   4040 | loss nan | lr 2.01e-04 | grad nan | tok/s 137142
step   4050 | loss nan | lr 1.55e-04 | grad nan | tok/s 142662
step   4060 | loss nan | lr 1.09e-04 | grad nan | tok/s 134716
step   4070 | loss nan | lr 6.65e-05 | grad nan | tok/s 140760
step   4080 | loss nan | lr 3.24e-05 | grad nan | tok/s 143468
step   4090 | loss nan | lr 9.84e-06 | grad nan | tok/s 145109
step   4100 | loss nan | lr 1.07e-06 | grad nan | tok/s 141642
step   4110 | loss nan | lr 6.93e-06 | grad nan | tok/s 136778
step   4120 | loss nan | lr 2.68e-05 | grad nan | tok/s 144131
step   4130 | loss nan | lr 5.89e-05 | grad nan | tok/s 141066
step   4140 | loss nan | lr 9.98e-05 | grad nan | tok/s 145342
step   4150 | loss nan | lr 1.46e-04 | grad nan | tok/s 137665
step   4160 | loss nan | lr 1.92e-04 | grad nan | tok/s 142490
step   4170 | loss nan | lr 2.35e-04 | grad nan | tok/s 141993
step   4180 | loss nan | lr 2.69e-04 | grad nan | tok/s 146594
step   4190 | loss nan | lr 2.91e-04 | grad nan | tok/s 144870
step   4200 | loss nan | lr 3.00e-04 | grad nan | tok/s 143524
step   4210 | loss nan | lr 2.94e-04 | grad nan | tok/s 139268
step   4220 | loss nan | lr 2.74e-04 | grad nan | tok/s 139413
step   4230 | loss nan | lr 2.42e-04 | grad nan | tok/s 138395
step   4240 | loss nan | lr 2.01e-04 | grad nan | tok/s 143132
step   4250 | loss nan | lr 1.55e-04 | grad nan | tok/s 139155
step   4260 | loss nan | lr 1.09e-04 | grad nan | tok/s 146916
step   4270 | loss nan | lr 6.65e-05 | grad nan | tok/s 141173
step   4280 | loss nan | lr 3.24e-05 | grad nan | tok/s 138677
step   4290 | loss nan | lr 9.84e-06 | grad nan | tok/s 142734
step   4300 | loss nan | lr 1.07e-06 | grad nan | tok/s 141010
step   4310 | loss nan | lr 6.93e-06 | grad nan | tok/s 139570
step   4320 | loss nan | lr 2.68e-05 | grad nan | tok/s 143030
step   4330 | loss nan | lr 5.89e-05 | grad nan | tok/s 141377
step   4340 | loss nan | lr 9.98e-05 | grad nan | tok/s 139962
step   4350 | loss nan | lr 1.46e-04 | grad nan | tok/s 140871
step   4360 | loss nan | lr 1.92e-04 | grad nan | tok/s 136622
step   4370 | loss nan | lr 2.35e-04 | grad nan | tok/s 139725
step   4380 | loss nan | lr 2.69e-04 | grad nan | tok/s 140812
step   4390 | loss nan | lr 2.91e-04 | grad nan | tok/s 144678
step   4400 | loss nan | lr 3.00e-04 | grad nan | tok/s 139988
step   4410 | loss nan | lr 2.94e-04 | grad nan | tok/s 143071
step   4420 | loss nan | lr 2.74e-04 | grad nan | tok/s 140896
step   4430 | loss nan | lr 2.42e-04 | grad nan | tok/s 143212
step   4440 | loss nan | lr 2.01e-04 | grad nan | tok/s 134929
step   4450 | loss nan | lr 1.55e-04 | grad nan | tok/s 102967
step   4460 | loss nan | lr 1.09e-04 | grad nan | tok/s 102903
step   4470 | loss nan | lr 6.65e-05 | grad nan | tok/s 103636
step   4480 | loss nan | lr 3.24e-05 | grad nan | tok/s 101677
step   4490 | loss nan | lr 9.84e-06 | grad nan | tok/s 104115
step   4500 | loss nan | lr 1.07e-06 | grad nan | tok/s 104688
step   4510 | loss nan | lr 6.93e-06 | grad nan | tok/s 107449
step   4520 | loss nan | lr 2.68e-05 | grad nan | tok/s 107435
step   4530 | loss nan | lr 5.89e-05 | grad nan | tok/s 107533
step   4540 | loss nan | lr 9.98e-05 | grad nan | tok/s 104711
step   4550 | loss nan | lr 1.46e-04 | grad nan | tok/s 104475
step   4560 | loss nan | lr 1.92e-04 | grad nan | tok/s 104366
step   4570 | loss nan | lr 2.35e-04 | grad nan | tok/s 101057
step   4580 | loss nan | lr 2.69e-04 | grad nan | tok/s 103405
step   4590 | loss nan | lr 2.91e-04 | grad nan | tok/s 100725
step   4600 | loss nan | lr 3.00e-04 | grad nan | tok/s 103446
step   4610 | loss nan | lr 2.94e-04 | grad nan | tok/s 104434
step   4620 | loss nan | lr 2.74e-04 | grad nan | tok/s 104758
step   4630 | loss nan | lr 2.42e-04 | grad nan | tok/s 103055
step   4640 | loss nan | lr 2.01e-04 | grad nan | tok/s 101056
step   4650 | loss nan | lr 1.55e-04 | grad nan | tok/s 106585
step   4660 | loss nan | lr 1.09e-04 | grad nan | tok/s 107714
step   4670 | loss nan | lr 6.65e-05 | grad nan | tok/s 107634
step   4680 | loss nan | lr 3.24e-05 | grad nan | tok/s 107457
step   4690 | loss nan | lr 9.84e-06 | grad nan | tok/s 107549
step   4700 | loss nan | lr 1.07e-06 | grad nan | tok/s 107567
step   4710 | loss nan | lr 6.93e-06 | grad nan | tok/s 107857
step   4720 | loss nan | lr 2.68e-05 | grad nan | tok/s 107468
step   4730 | loss nan | lr 5.89e-05 | grad nan | tok/s 107479
step   4740 | loss nan | lr 9.98e-05 | grad nan | tok/s 107328
step   4750 | loss nan | lr 1.46e-04 | grad nan | tok/s 107535
step   4760 | loss nan | lr 1.92e-04 | grad nan | tok/s 107513
step   4770 | loss nan | lr 2.35e-04 | grad nan | tok/s 108100
step   4780 | loss nan | lr 2.69e-04 | grad nan | tok/s 108168
step   4790 | loss nan | lr 2.91e-04 | grad nan | tok/s 107570
step   4800 | loss nan | lr 3.00e-04 | grad nan | tok/s 107710
step   4810 | loss nan | lr 2.94e-04 | grad nan | tok/s 107519
step   4820 | loss nan | lr 2.74e-04 | grad nan | tok/s 104550
step   4830 | loss nan | lr 2.42e-04 | grad nan | tok/s 104702
step   4840 | loss nan | lr 2.01e-04 | grad nan | tok/s 99373
step   4850 | loss nan | lr 1.55e-04 | grad nan | tok/s 99817
step   4860 | loss nan | lr 1.09e-04 | grad nan | tok/s 102997
step   4870 | loss nan | lr 6.65e-05 | grad nan | tok/s 102010
step   4880 | loss nan | lr 3.24e-05 | grad nan | tok/s 105656
step   4890 | loss nan | lr 9.85e-06 | grad nan | tok/s 103185
step   4900 | loss nan | lr 1.07e-06 | grad nan | tok/s 102739
step   4910 | loss nan | lr 6.93e-06 | grad nan | tok/s 102274
step   4920 | loss nan | lr 2.68e-05 | grad nan | tok/s 103436
step   4930 | loss nan | lr 5.89e-05 | grad nan | tok/s 101409
step   4940 | loss nan | lr 9.98e-05 | grad nan | tok/s 105125
step   4950 | loss nan | lr 1.46e-04 | grad nan | tok/s 103335
step   4960 | loss nan | lr 1.92e-04 | grad nan | tok/s 102745
step   4970 | loss nan | lr 2.35e-04 | grad nan | tok/s 104244
step   4980 | loss nan | lr 2.69e-04 | grad nan | tok/s 107417
step   4990 | loss nan | lr 2.91e-04 | grad nan | tok/s 129252
step   5000 | loss nan | lr 3.00e-04 | grad nan | tok/s 149115
  >>> saved checkpoint: checkpoint_step_005000_loss_nan.pt
step   5010 | loss nan | lr 2.94e-04 | grad nan | tok/s 125351
step   5020 | loss nan | lr 2.74e-04 | grad nan | tok/s 149184
step   5030 | loss nan | lr 2.42e-04 | grad nan | tok/s 137413
step   5040 | loss nan | lr 2.01e-04 | grad nan | tok/s 114873
step   5050 | loss nan | lr 1.55e-04 | grad nan | tok/s 133410
step   5060 | loss nan | lr 1.09e-04 | grad nan | tok/s 141864
step   5070 | loss nan | lr 6.65e-05 | grad nan | tok/s 141123
step   5080 | loss nan | lr 3.24e-05 | grad nan | tok/s 146112
step   5090 | loss nan | lr 9.84e-06 | grad nan | tok/s 149191
step   5100 | loss nan | lr 1.07e-06 | grad nan | tok/s 143837

Training complete! Final step: 5102
