# Job 70: 70n32
# GPU: 0
# Command: python train.py --level 70n32 --dim 1408 --expansion 2.0 --n_state 32 --data data/pile.txt --depth 20 --batch_size 32 --chunk_size 512 --lr 3e-4 --warmup_steps 100 --seed 42 --bf16 --train_minutes 10 --output benchmark_results/all_models_20260119_213946/70n32
# Started: 2026-01-19T23:01:08.483136
============================================================

Using device: cuda
Output directory: benchmark_results/all_models_20260119_213946/70n32/level70n32_100m_20260119_230113
Auto r_h_mode: none (level 0 has bounded/no W_h)
Traceback (most recent call last):
  File "/home/erikg/elman/train.py", line 555, in <module>
    train(args)
  File "/home/erikg/elman/train.py", line 333, in train
    model = LadderLM(
            ^^^^^^^^^
  File "/home/erikg/elman/elman/models/ladder_lm.py", line 479, in __init__
    LayerClass(
  File "/home/erikg/elman/elman/models/ladder_lm.py", line 215, in <lambda>
    '70n32': lambda **kw: E70MatrixLinear(n_state=32, **kw),
                          ^^^^^^^^^^^^^^^^^^^^^^^^^^^^^^^^^
TypeError: elman.models.e70_matrix_linear.E70MatrixLinear() got multiple values for keyword argument 'n_state'
