# Job 74: 71n128
# GPU: 5
# Command: python train.py --level 71n128 --dim 1280 --expansion 2.0 --n_state 128 --data data/pile.txt --depth 20 --batch_size 32 --chunk_size 512 --lr 3e-4 --warmup_steps 100 --seed 42 --bf16 --train_minutes 10 --output benchmark_results/all_models_20260119_213946/71n128
# Started: 2026-01-19T23:01:24.082563
============================================================

Using device: cuda
Output directory: benchmark_results/all_models_20260119_213946/71n128/level71n128_100m_20260119_230128
Auto r_h_mode: none (level 0 has bounded/no W_h)
Traceback (most recent call last):
  File "/home/erikg/elman/train.py", line 555, in <module>
    train(args)
  File "/home/erikg/elman/train.py", line 333, in train
    model = LadderLM(
            ^^^^^^^^^
  File "/home/erikg/elman/elman/models/ladder_lm.py", line 479, in __init__
    LayerClass(
  File "/home/erikg/elman/elman/models/ladder_lm.py", line 219, in <lambda>
    '71n128': lambda **kw: E71MatrixGated(n_state=128, **kw),
                           ^^^^^^^^^^^^^^^^^^^^^^^^^^^^^^^^^
TypeError: elman.models.e71_matrix_gated.E71MatrixGated() got multiple values for keyword argument 'n_state'
