/home/erikg/.local/lib/python3.12/site-packages/cma/s.py:15: UserWarning: Could not import matplotlib.pyplot, therefore ``cma.plot()`` etc. is not available
  _warnings.warn('Could not import matplotlib.pyplot, therefore'
======================================================================
CMA-ES Search for MOM-E88
======================================================================
Search space (4 dimensions):
  n_heads: [32, 256] (int) - Total number of memory heads
  top_k: [8, 96] (int) - Active heads per token
  n_state: [16, 64] (e88_n_state) - State dimension (only 16,32,48,64 supported)
  depth: [8, 32] (int) - Number of layers
Target params: 0M ± 50M
Training time per config: 5.0 min
Generations: 30
Population: 8
GPUs: [0, 1, 2, 3, 4, 5, 6, 7] (8 parallel)
Total evaluations: ~240
Estimated time: ~150 min (2.5 hours)
======================================================================
(4_w,8)-aCMA-ES (mu_w=2.6,w_1=52%) in dimension 4 (seed=670065, Wed Jan 28 16:52:36 2026)

--- Generation 1/30 ---
