# Job 6: E75h8n24
# GPU: 6
# Command: python train.py --level E75h8n24 --dim 1792 --depth 20 --n_state 24 --expansion 1.0 --data data/pile.txt --batch_size 32 --chunk_size 512 --lr 3e-4 --warmup_steps 100 --seed 42 --bf16 --train_minutes 10.0 --output benchmark_results/e75_100m_20260119_175828/E75h8n24
# Started: 2026-01-19T17:58:36.706511
============================================================

Using device: cuda
Output directory: benchmark_results/e75_100m_20260119_175828/E75h8n24/levelE75h8n24_100m_20260119_175842
Auto r_h_mode: none (level 0 has bounded/no W_h)
Model: Level E75h8n24, 99,131,904 parameters

Starting training from step 0...
Batch size: 32, Chunk size: 512
Gradient accumulation: 1, Effective batch: 32

Time-based training: 10.0 minutes
step     10 | loss 5.6662 | lr 2.70e-05 | grad 143.00 | tok/s 22976
step     20 | loss 5.4893 | lr 5.70e-05 | grad 71.00 | tok/s 75541
step     30 | loss 5.2241 | lr 8.70e-05 | grad 22.75 | tok/s 79437
step     40 | loss 4.4954 | lr 1.17e-04 | grad 8.88 | tok/s 79689
step     50 | loss 3.7000 | lr 1.47e-04 | grad 5.88 | tok/s 79295
step     60 | loss 3.5428 | lr 1.77e-04 | grad 8.69 | tok/s 77592
step     70 | loss 2.9906 | lr 2.07e-04 | grad 4.75 | tok/s 74929
step     80 | loss 3.2389 | lr 2.37e-04 | grad 5.88 | tok/s 77565
step     90 | loss 3.1171 | lr 2.67e-04 | grad 5.31 | tok/s 74810
step    100 | loss 2.7743 | lr 2.97e-04 | grad 3.72 | tok/s 75321
step    110 | loss 2.8109 | lr 6.94e-06 | grad 3.59 | tok/s 67876
step    120 | loss 3.1695 | lr 2.69e-05 | grad 2.64 | tok/s 68366
step    130 | loss 2.8361 | lr 5.89e-05 | grad 1.87 | tok/s 69921
step    140 | loss 2.5842 | lr 9.99e-05 | grad 1.90 | tok/s 69892
step    150 | loss 2.4668 | lr 1.46e-04 | grad 2.75 | tok/s 66747
step    160 | loss 2.3377 | lr 1.92e-04 | grad 2.25 | tok/s 67218
step    170 | loss 2.5467 | lr 2.35e-04 | grad 18.12 | tok/s 69413
step    180 | loss 2.5651 | lr 2.69e-04 | grad 2.16 | tok/s 69733
step    190 | loss 2.2892 | lr 2.91e-04 | grad 2.19 | tok/s 70570
step    200 | loss 1.9485 | lr 3.00e-04 | grad 1.48 | tok/s 72050
step    210 | loss 2.4933 | lr 2.94e-04 | grad 2.38 | tok/s 69123
step    220 | loss 2.3955 | lr 2.74e-04 | grad 2.14 | tok/s 70978
step    230 | loss 2.2322 | lr 2.42e-04 | grad 2.27 | tok/s 68364
step    240 | loss 2.2373 | lr 2.01e-04 | grad 3.05 | tok/s 69958
step    250 | loss 2.1690 | lr 1.55e-04 | grad 1.61 | tok/s 68781
step    260 | loss 2.1873 | lr 1.09e-04 | grad 1.02 | tok/s 65957
step    270 | loss 2.0605 | lr 6.65e-05 | grad 1.61 | tok/s 68299
step    280 | loss 1.9602 | lr 3.24e-05 | grad 2.09 | tok/s 68299
step    290 | loss 1.9458 | lr 9.84e-06 | grad 1.05 | tok/s 71532
step    300 | loss 1.9218 | lr 1.07e-06 | grad 1.04 | tok/s 71723
step    310 | loss 1.9197 | lr 6.94e-06 | grad 0.88 | tok/s 71732
step    320 | loss 2.0162 | lr 2.69e-05 | grad 2.12 | tok/s 69329
step    330 | loss 2.0528 | lr 5.89e-05 | grad 0.92 | tok/s 67177
step    340 | loss 2.0664 | lr 9.99e-05 | grad 2.28 | tok/s 68694
step    350 | loss 2.0827 | lr 1.46e-04 | grad 1.24 | tok/s 66588
step    360 | loss 2.0434 | lr 1.92e-04 | grad 2.84 | tok/s 67416
step    370 | loss 1.8964 | lr 2.35e-04 | grad 1.57 | tok/s 68804
step    380 | loss 2.4477 | lr 2.69e-04 | grad 1.59 | tok/s 70286
step    390 | loss 2.0633 | lr 2.91e-04 | grad 1.86 | tok/s 67791
step    400 | loss 2.1536 | lr 3.00e-04 | grad 3.33 | tok/s 69496
step    410 | loss 1.9283 | lr 2.94e-04 | grad 2.45 | tok/s 67442
step    420 | loss 2.0551 | lr 2.74e-04 | grad 1.45 | tok/s 66878
step    430 | loss 2.1778 | lr 2.42e-04 | grad 1.89 | tok/s 66685
step    440 | loss 2.2192 | lr 2.01e-04 | grad 1.38 | tok/s 69204
step    450 | loss 1.9567 | lr 1.55e-04 | grad 1.12 | tok/s 67272
step    460 | loss 1.9314 | lr 1.09e-04 | grad 0.96 | tok/s 67600
step    470 | loss 1.9060 | lr 6.65e-05 | grad 1.20 | tok/s 68400
step    480 | loss 1.8007 | lr 3.24e-05 | grad 0.75 | tok/s 65863
step    490 | loss 1.7529 | lr 9.84e-06 | grad 0.68 | tok/s 67109
step    500 | loss 2.7031 | lr 1.07e-06 | grad 1.22 | tok/s 69039
step    510 | loss 1.8134 | lr 6.94e-06 | grad 0.81 | tok/s 67720
step    520 | loss 1.8848 | lr 2.69e-05 | grad 0.66 | tok/s 69781
step    530 | loss 2.3268 | lr 5.89e-05 | grad 0.73 | tok/s 68136
step    540 | loss 1.8020 | lr 9.99e-05 | grad 1.45 | tok/s 68311
step    550 | loss 1.6667 | lr 1.46e-04 | grad 0.86 | tok/s 69891
step    560 | loss 1.5190 | lr 1.92e-04 | grad 0.92 | tok/s 70802
step    570 | loss 1.8362 | lr 2.35e-04 | grad 2.34 | tok/s 69136
step    580 | loss 2.1854 | lr 2.69e-04 | grad 1.46 | tok/s 68246
step    590 | loss 2.4821 | lr 2.91e-04 | grad 2.28 | tok/s 66885
step    600 | loss 1.9822 | lr 3.00e-04 | grad 1.59 | tok/s 67074
step    610 | loss 2.0039 | lr 2.94e-04 | grad 1.62 | tok/s 70190
step    620 | loss 1.9007 | lr 2.74e-04 | grad 1.08 | tok/s 66561
step    630 | loss 1.8047 | lr 2.42e-04 | grad 1.30 | tok/s 68648
step    640 | loss 2.2278 | lr 2.01e-04 | grad 1.12 | tok/s 68706
step    650 | loss 1.8224 | lr 1.55e-04 | grad 1.27 | tok/s 66775
step    660 | loss 2.1249 | lr 1.09e-04 | grad 5.25 | tok/s 66348
step    670 | loss 1.9503 | lr 6.65e-05 | grad 2.31 | tok/s 68819
step    680 | loss 1.9238 | lr 3.24e-05 | grad 1.26 | tok/s 66507
step    690 | loss 1.8946 | lr 9.84e-06 | grad 1.65 | tok/s 67015
step    700 | loss 1.9880 | lr 1.07e-06 | grad 1.30 | tok/s 67210
step    710 | loss 1.9263 | lr 6.94e-06 | grad 1.24 | tok/s 67713
step    720 | loss 2.0322 | lr 2.68e-05 | grad 1.77 | tok/s 67515
step    730 | loss 1.9755 | lr 5.89e-05 | grad 1.34 | tok/s 68006
step    740 | loss 1.9178 | lr 9.99e-05 | grad 2.38 | tok/s 67389
step    750 | loss 1.7138 | lr 1.46e-04 | grad 1.66 | tok/s 66822
step    760 | loss 2.1692 | lr 1.92e-04 | grad 0.90 | tok/s 67306
step    770 | loss 1.7791 | lr 2.35e-04 | grad 1.35 | tok/s 67073
step    780 | loss 1.8323 | lr 2.69e-04 | grad 1.19 | tok/s 67802
step    790 | loss 1.7698 | lr 2.91e-04 | grad 0.87 | tok/s 68473
step    800 | loss 1.7505 | lr 3.00e-04 | grad 1.18 | tok/s 68449
step    810 | loss 1.8618 | lr 2.94e-04 | grad 2.05 | tok/s 67913
step    820 | loss 2.5778 | lr 2.74e-04 | grad 1.91 | tok/s 69483
step    830 | loss 2.0123 | lr 2.42e-04 | grad 0.86 | tok/s 70173
step    840 | loss 1.6971 | lr 2.01e-04 | grad 0.71 | tok/s 70152
step    850 | loss 2.2811 | lr 1.55e-04 | grad 1.73 | tok/s 67068
step    860 | loss 1.9539 | lr 1.09e-04 | grad 1.27 | tok/s 65973
step    870 | loss 1.8476 | lr 6.65e-05 | grad 0.97 | tok/s 67928
step    880 | loss 1.9143 | lr 3.24e-05 | grad 1.39 | tok/s 67644
step    890 | loss 1.7925 | lr 9.84e-06 | grad 0.94 | tok/s 67598
step    900 | loss 2.3267 | lr 1.07e-06 | grad 1.16 | tok/s 65820
step    910 | loss 1.8670 | lr 6.94e-06 | grad 0.80 | tok/s 67098
step    920 | loss 1.8239 | lr 2.68e-05 | grad 0.82 | tok/s 66774
step    930 | loss 1.9616 | lr 5.89e-05 | grad 1.59 | tok/s 66709
step    940 | loss 1.8443 | lr 9.99e-05 | grad 1.85 | tok/s 66021
step    950 | loss 1.9154 | lr 1.46e-04 | grad 1.45 | tok/s 67474
step    960 | loss 1.6193 | lr 1.92e-04 | grad 0.78 | tok/s 70828
step    970 | loss 1.4259 | lr 2.35e-04 | grad 0.64 | tok/s 70689
step    980 | loss 1.6245 | lr 2.69e-04 | grad 2.28 | tok/s 68747
step    990 | loss 1.9878 | lr 2.91e-04 | grad 1.01 | tok/s 66968
step   1000 | loss 1.8260 | lr 3.00e-04 | grad 0.78 | tok/s 65370
  >>> saved checkpoint: checkpoint_step_001000_loss_1.8260.pt
step   1010 | loss 2.1207 | lr 2.94e-04 | grad 4.72 | tok/s 52579
step   1020 | loss 1.7417 | lr 2.74e-04 | grad 1.04 | tok/s 67246
step   1030 | loss 2.0319 | lr 2.42e-04 | grad 1.07 | tok/s 66236
step   1040 | loss 1.7139 | lr 2.01e-04 | grad 1.49 | tok/s 67357
step   1050 | loss 1.7427 | lr 1.55e-04 | grad 0.87 | tok/s 67799
step   1060 | loss 1.9475 | lr 1.09e-04 | grad 1.62 | tok/s 67885
step   1070 | loss 2.0326 | lr 6.65e-05 | grad 0.91 | tok/s 68081
step   1080 | loss 2.3869 | lr 3.24e-05 | grad 1.12 | tok/s 67145
step   1090 | loss 2.0822 | lr 9.84e-06 | grad 1.00 | tok/s 67555
step   1100 | loss 1.7615 | lr 1.07e-06 | grad 0.96 | tok/s 67258
step   1110 | loss 1.7891 | lr 6.93e-06 | grad 0.86 | tok/s 68559
step   1120 | loss 1.9929 | lr 2.68e-05 | grad 1.05 | tok/s 69217
step   1130 | loss 1.7583 | lr 5.89e-05 | grad 0.75 | tok/s 65822
step   1140 | loss 1.6292 | lr 9.99e-05 | grad 0.83 | tok/s 67605
step   1150 | loss 1.9165 | lr 1.46e-04 | grad 1.40 | tok/s 67411
step   1160 | loss 1.5974 | lr 1.92e-04 | grad 0.70 | tok/s 66683
step   1170 | loss 1.9704 | lr 2.35e-04 | grad 0.94 | tok/s 67544
step   1180 | loss 1.6116 | lr 2.69e-04 | grad 0.76 | tok/s 70759
step   1190 | loss 1.4653 | lr 2.91e-04 | grad 0.86 | tok/s 70882
step   1200 | loss 1.3762 | lr 3.00e-04 | grad 0.71 | tok/s 70849
step   1210 | loss 1.3482 | lr 2.94e-04 | grad 0.87 | tok/s 70624
step   1220 | loss 1.3997 | lr 2.74e-04 | grad 0.92 | tok/s 70138
step   1230 | loss 1.6720 | lr 2.42e-04 | grad 1.10 | tok/s 67840
step   1240 | loss 1.7044 | lr 2.01e-04 | grad 1.11 | tok/s 66543
step   1250 | loss 1.8175 | lr 1.55e-04 | grad 3.41 | tok/s 68630
step   1260 | loss 1.8499 | lr 1.09e-04 | grad 2.53 | tok/s 68504
step   1270 | loss 1.9151 | lr 6.65e-05 | grad 1.50 | tok/s 67715
step   1280 | loss 1.7326 | lr 3.24e-05 | grad 0.90 | tok/s 66926
step   1290 | loss 1.6760 | lr 9.84e-06 | grad 1.00 | tok/s 66733
step   1300 | loss 1.7263 | lr 1.07e-06 | grad 0.84 | tok/s 66227
step   1310 | loss 1.7982 | lr 6.93e-06 | grad 0.89 | tok/s 66186
step   1320 | loss 1.7839 | lr 2.68e-05 | grad 1.30 | tok/s 67510
step   1330 | loss 1.7165 | lr 5.89e-05 | grad 0.70 | tok/s 67594
step   1340 | loss 1.6142 | lr 9.99e-05 | grad 1.10 | tok/s 67482
step   1350 | loss 1.6884 | lr 1.46e-04 | grad 1.88 | tok/s 69239
step   1360 | loss 1.6121 | lr 1.92e-04 | grad 1.16 | tok/s 65806
step   1370 | loss 1.7240 | lr 2.35e-04 | grad 0.91 | tok/s 66921
step   1380 | loss 1.8334 | lr 2.69e-04 | grad 1.06 | tok/s 67300
step   1390 | loss 1.7289 | lr 2.91e-04 | grad 1.62 | tok/s 65842
step   1400 | loss 1.7397 | lr 3.00e-04 | grad 3.92 | tok/s 68410
step   1410 | loss 1.7616 | lr 2.94e-04 | grad 1.76 | tok/s 69049
step   1420 | loss 1.8465 | lr 2.74e-04 | grad 1.27 | tok/s 65744
step   1430 | loss 1.6135 | lr 2.42e-04 | grad 1.02 | tok/s 64345
step   1440 | loss 1.5290 | lr 2.01e-04 | grad 0.82 | tok/s 67723
step   1450 | loss 1.5729 | lr 1.55e-04 | grad 2.27 | tok/s 69155
step   1460 | loss 1.6382 | lr 1.09e-04 | grad 0.64 | tok/s 64588
step   1470 | loss 1.7516 | lr 6.65e-05 | grad 2.42 | tok/s 66698
step   1480 | loss 1.6065 | lr 3.24e-05 | grad 1.84 | tok/s 67643
step   1490 | loss 1.7632 | lr 9.84e-06 | grad 2.69 | tok/s 67528
step   1500 | loss 1.8779 | lr 1.07e-06 | grad 2.75 | tok/s 65861
step   1510 | loss 1.7529 | lr 6.93e-06 | grad 1.32 | tok/s 69038
step   1520 | loss 1.7123 | lr 2.68e-05 | grad 1.27 | tok/s 68388
step   1530 | loss 1.6591 | lr 5.89e-05 | grad 0.67 | tok/s 68004
step   1540 | loss 1.6374 | lr 9.99e-05 | grad 0.62 | tok/s 66708
step   1550 | loss 1.6244 | lr 1.46e-04 | grad 2.66 | tok/s 69362
step   1560 | loss 2.2240 | lr 1.92e-04 | grad 1.38 | tok/s 67628
step   1570 | loss 1.6455 | lr 2.35e-04 | grad 1.20 | tok/s 66476
step   1580 | loss 1.8369 | lr 2.69e-04 | grad 1.19 | tok/s 68510
step   1590 | loss 1.6002 | lr 2.91e-04 | grad 0.84 | tok/s 66889
step   1600 | loss 1.7271 | lr 3.00e-04 | grad 1.09 | tok/s 65678
step   1610 | loss 1.5711 | lr 2.94e-04 | grad 0.90 | tok/s 69563
step   1620 | loss 1.6980 | lr 2.74e-04 | grad 0.86 | tok/s 68358
step   1630 | loss 1.7183 | lr 2.42e-04 | grad 0.98 | tok/s 68932
step   1640 | loss 1.6402 | lr 2.01e-04 | grad 0.71 | tok/s 66394
step   1650 | loss 1.6449 | lr 1.55e-04 | grad 1.29 | tok/s 64867
step   1660 | loss 1.6361 | lr 1.09e-04 | grad 0.74 | tok/s 65238
step   1670 | loss 1.6936 | lr 6.65e-05 | grad 2.23 | tok/s 68078
step   1680 | loss 2.0621 | lr 3.24e-05 | grad 0.62 | tok/s 68222
step   1690 | loss 1.6139 | lr 9.84e-06 | grad 1.08 | tok/s 66182
step   1700 | loss 2.0022 | lr 1.07e-06 | grad 0.60 | tok/s 67539
step   1710 | loss 1.6595 | lr 6.93e-06 | grad 1.02 | tok/s 65847
step   1720 | loss 1.6754 | lr 2.68e-05 | grad 0.94 | tok/s 66257
step   1730 | loss 1.7769 | lr 5.89e-05 | grad 0.82 | tok/s 67168
step   1740 | loss 1.6612 | lr 9.99e-05 | grad 0.72 | tok/s 68087
step   1750 | loss 1.5673 | lr 1.46e-04 | grad 0.63 | tok/s 65824
step   1760 | loss 1.8628 | lr 1.92e-04 | grad 0.72 | tok/s 66639
step   1770 | loss 1.7421 | lr 2.35e-04 | grad 0.73 | tok/s 68238
step   1780 | loss 1.6291 | lr 2.69e-04 | grad 1.21 | tok/s 65604
step   1790 | loss 1.8611 | lr 2.91e-04 | grad 1.00 | tok/s 66937
step   1800 | loss 1.5704 | lr 3.00e-04 | grad 0.89 | tok/s 68037
step   1810 | loss 1.6662 | lr 2.94e-04 | grad 1.00 | tok/s 67820
step   1820 | loss 1.6133 | lr 2.74e-04 | grad 0.86 | tok/s 66982
step   1830 | loss 1.6564 | lr 2.42e-04 | grad 0.91 | tok/s 66829
step   1840 | loss 1.6103 | lr 2.01e-04 | grad 1.21 | tok/s 66280
step   1850 | loss 1.8373 | lr 1.55e-04 | grad 1.23 | tok/s 66826
step   1860 | loss 1.5988 | lr 1.09e-04 | grad 0.64 | tok/s 66759
step   1870 | loss 1.6486 | lr 6.65e-05 | grad 1.48 | tok/s 67990
step   1880 | loss 1.5774 | lr 3.24e-05 | grad 0.64 | tok/s 68319
step   1890 | loss 1.6729 | lr 9.84e-06 | grad 0.67 | tok/s 67257
step   1900 | loss 1.7593 | lr 1.07e-06 | grad 1.89 | tok/s 67837
step   1910 | loss 1.7074 | lr 6.93e-06 | grad 1.26 | tok/s 67030
step   1920 | loss 1.6079 | lr 2.68e-05 | grad 1.08 | tok/s 69014
step   1930 | loss 1.5897 | lr 5.89e-05 | grad 1.09 | tok/s 68506
step   1940 | loss 1.4971 | lr 9.99e-05 | grad 0.79 | tok/s 69632
step   1950 | loss 1.5712 | lr 1.46e-04 | grad 0.98 | tok/s 67913
step   1960 | loss 1.9534 | lr 1.92e-04 | grad 4.84 | tok/s 69317
step   1970 | loss 1.6681 | lr 2.35e-04 | grad 2.08 | tok/s 66905
step   1980 | loss 1.6941 | lr 2.69e-04 | grad 2.47 | tok/s 66939
step   1990 | loss 1.7886 | lr 2.91e-04 | grad 1.28 | tok/s 68402
step   2000 | loss 1.7326 | lr 3.00e-04 | grad 1.34 | tok/s 69030
  >>> saved checkpoint: checkpoint_step_002000_loss_1.7326.pt
step   2010 | loss 1.4385 | lr 2.94e-04 | grad 0.83 | tok/s 53435
step   2020 | loss 1.2704 | lr 2.74e-04 | grad 0.85 | tok/s 71142
step   2030 | loss 1.6118 | lr 2.42e-04 | grad 1.10 | tok/s 70370
step   2040 | loss 1.4201 | lr 2.01e-04 | grad 0.67 | tok/s 71120
step   2050 | loss 1.3752 | lr 1.55e-04 | grad 0.93 | tok/s 70225
step   2060 | loss 1.7121 | lr 1.09e-04 | grad 0.79 | tok/s 67141
step   2070 | loss 1.6438 | lr 6.65e-05 | grad 1.40 | tok/s 70327
step   2080 | loss 1.8226 | lr 3.24e-05 | grad 3.98 | tok/s 66644
step   2090 | loss 1.7215 | lr 9.84e-06 | grad 1.11 | tok/s 68939
step   2100 | loss 1.6605 | lr 1.07e-06 | grad 1.06 | tok/s 66965
step   2110 | loss 1.5638 | lr 6.93e-06 | grad 0.84 | tok/s 69323
step   2120 | loss 1.5390 | lr 2.68e-05 | grad 1.30 | tok/s 68721
step   2130 | loss 1.6400 | lr 5.89e-05 | grad 2.84 | tok/s 66695
step   2140 | loss 1.6990 | lr 9.99e-05 | grad 2.94 | tok/s 66712
step   2150 | loss 1.6995 | lr 1.46e-04 | grad 0.66 | tok/s 67677
step   2160 | loss 1.6381 | lr 1.92e-04 | grad 0.70 | tok/s 66572
step   2170 | loss 1.7530 | lr 2.35e-04 | grad 0.84 | tok/s 67414
step   2180 | loss 1.6108 | lr 2.69e-04 | grad 1.09 | tok/s 68700
step   2190 | loss 1.9366 | lr 2.91e-04 | grad 0.97 | tok/s 68656
step   2200 | loss 1.3644 | lr 3.00e-04 | grad 0.55 | tok/s 70817
step   2210 | loss 1.3295 | lr 2.94e-04 | grad 0.57 | tok/s 70382
step   2220 | loss 1.2842 | lr 2.74e-04 | grad 0.60 | tok/s 70495
step   2230 | loss 1.5683 | lr 2.42e-04 | grad 0.94 | tok/s 67711
step   2240 | loss 1.8405 | lr 2.01e-04 | grad 1.81 | tok/s 69977
step   2250 | loss 1.7045 | lr 1.55e-04 | grad 0.97 | tok/s 69429
step   2260 | loss 1.7968 | lr 1.09e-04 | grad 0.88 | tok/s 68628
step   2270 | loss 1.5782 | lr 6.65e-05 | grad 1.09 | tok/s 67042
step   2280 | loss 1.7373 | lr 3.24e-05 | grad 0.69 | tok/s 67056
step   2290 | loss 1.5493 | lr 9.84e-06 | grad 0.78 | tok/s 67802
step   2300 | loss 1.5676 | lr 1.07e-06 | grad 0.63 | tok/s 65665
step   2310 | loss 1.6442 | lr 6.93e-06 | grad 1.08 | tok/s 69803
step   2320 | loss 1.7202 | lr 2.68e-05 | grad 1.11 | tok/s 70926
step   2330 | loss 1.6455 | lr 5.89e-05 | grad 0.71 | tok/s 70891
step   2340 | loss 1.6089 | lr 9.98e-05 | grad 1.00 | tok/s 69388
step   2350 | loss 1.6746 | lr 1.46e-04 | grad 0.85 | tok/s 67375
step   2360 | loss 2.1049 | lr 1.92e-04 | grad 1.55 | tok/s 68461
step   2370 | loss 1.6558 | lr 2.35e-04 | grad 0.90 | tok/s 68112
step   2380 | loss 1.5128 | lr 2.69e-04 | grad 1.09 | tok/s 67349
step   2390 | loss 1.5715 | lr 2.91e-04 | grad 1.10 | tok/s 67210
step   2400 | loss 1.7395 | lr 3.00e-04 | grad 1.09 | tok/s 66610
step   2410 | loss 1.6024 | lr 2.94e-04 | grad 1.04 | tok/s 67069
step   2420 | loss 1.7968 | lr 2.74e-04 | grad 0.76 | tok/s 67686
step   2430 | loss 1.7123 | lr 2.42e-04 | grad 1.34 | tok/s 66811
step   2440 | loss 1.7667 | lr 2.01e-04 | grad 1.02 | tok/s 68724
step   2450 | loss 1.4736 | lr 1.55e-04 | grad 1.44 | tok/s 67737
step   2460 | loss 1.7643 | lr 1.09e-04 | grad 2.20 | tok/s 69161
step   2470 | loss 1.9039 | lr 6.65e-05 | grad 1.25 | tok/s 70737
step   2480 | loss 1.5750 | lr 3.24e-05 | grad 0.78 | tok/s 67909
step   2490 | loss 1.4844 | lr 9.84e-06 | grad 1.02 | tok/s 66779
step   2500 | loss 1.5876 | lr 1.07e-06 | grad 0.91 | tok/s 68719
step   2510 | loss 1.6553 | lr 6.93e-06 | grad 0.90 | tok/s 68378
step   2520 | loss 1.8201 | lr 2.68e-05 | grad 1.38 | tok/s 66839
step   2530 | loss 1.6442 | lr 5.89e-05 | grad 1.27 | tok/s 66068
step   2540 | loss 1.6350 | lr 9.98e-05 | grad 1.26 | tok/s 66956
step   2550 | loss 2.1427 | lr 1.46e-04 | grad 3.44 | tok/s 67779
step   2560 | loss 1.6493 | lr 1.92e-04 | grad 1.16 | tok/s 69013
step   2570 | loss 1.6104 | lr 2.35e-04 | grad 2.03 | tok/s 66084
step   2580 | loss 1.7084 | lr 2.69e-04 | grad 1.04 | tok/s 68663

Training complete! Final step: 2581
