# Job 0: mamba2
# GPU: 0
# Command: python train.py --level mamba2 --dim 896 --depth 20 --data data/pile.txt --batch_size 32 --chunk_size 512 --lr 3e-4 --warmup_steps 100 --seed 42 --bf16 --train_minutes 10.0 --output benchmark_results/mega_100m_20260122_155533/mamba2
# Started: 2026-01-22T15:55:41.289396
============================================================

Using device: cuda
Output directory: benchmark_results/mega_100m_20260122_155533/mamba2/levelmamba2_100m_20260122_155548
Model: Level mamba2, 101,936,528 parameters
Using schedule-free AdamW (lr=0.0003)

Starting training from step 0...
Batch size: 32, Chunk size: 512
Gradient accumulation: 1, Effective batch: 32

Time-based training: 10.0 minutes
Traceback (most recent call last):
  File "/home/erikg/elman/train.py", line 584, in <module>
    train(args)
  File "/home/erikg/elman/train.py", line 486, in train
    result = model(
             ^^^^^^
  File "/home/erikg/.local/lib/python3.12/site-packages/torch/nn/modules/module.py", line 1775, in _wrapped_call_impl
    return self._call_impl(*args, **kwargs)
           ^^^^^^^^^^^^^^^^^^^^^^^^^^^^^^^^
  File "/home/erikg/.local/lib/python3.12/site-packages/torch/nn/modules/module.py", line 1786, in _call_impl
    return forward_call(*args, **kwargs)
           ^^^^^^^^^^^^^^^^^^^^^^^^^^^^^
  File "/home/erikg/elman/elman/models/mamba2_baseline.py", line 100, in forward
    x = layer(x)
        ^^^^^^^^
  File "/home/erikg/.local/lib/python3.12/site-packages/torch/nn/modules/module.py", line 1775, in _wrapped_call_impl
    return self._call_impl(*args, **kwargs)
           ^^^^^^^^^^^^^^^^^^^^^^^^^^^^^^^^
  File "/home/erikg/.local/lib/python3.12/site-packages/torch/nn/modules/module.py", line 1786, in _call_impl
    return forward_call(*args, **kwargs)
           ^^^^^^^^^^^^^^^^^^^^^^^^^^^^^
  File "/home/erikg/.local/lib/python3.12/site-packages/mamba_ssm/modules/mamba2.py", line 185, in forward
    out = mamba_split_conv1d_scan_combined(
          ^^^^^^^^^^^^^^^^^^^^^^^^^^^^^^^^^
  File "/home/erikg/.local/lib/python3.12/site-packages/mamba_ssm/ops/triton/ssd_combined.py", line 947, in mamba_split_conv1d_scan_combined
    return MambaSplitConv1dScanCombinedFn.apply(zxbcdt, conv1d_weight, conv1d_bias, dt_bias, A, D, chunk_size, initial_states, seq_idx, dt_limit, return_final_states, activation, rmsnorm_weight, rmsnorm_eps, outproj_weight, outproj_bias, headdim, ngroups, norm_before_gate)
           ^^^^^^^^^^^^^^^^^^^^^^^^^^^^^^^^^^^^^^^^^^^^^^^^^^^^^^^^^^^^^^^^^^^^^^^^^^^^^^^^^^^^^^^^^^^^^^^^^^^^^^^^^^^^^^^^^^^^^^^^^^^^^^^^^^^^^^^^^^^^^^^^^^^^^^^^^^^^^^^^^^^^^^^^^^^^^^^^^^^^^^^^^^^^^^^^^^^^^^^^^^^^^^^^^^^^^^^^^^^^^^^^^^^^^^^^^^^^^^^^^^^^^^^^^^^^^^^^^^^^^^
  File "/home/erikg/.local/lib/python3.12/site-packages/torch/autograd/function.py", line 581, in apply
    return super().apply(*args, **kwargs)  # type: ignore[misc]
           ^^^^^^^^^^^^^^^^^^^^^^^^^^^^^^
  File "/home/erikg/.local/lib/python3.12/site-packages/torch/amp/autocast_mode.py", line 527, in decorate_fwd
    return fwd(*args, **kwargs)
           ^^^^^^^^^^^^^^^^^^^^
  File "/home/erikg/.local/lib/python3.12/site-packages/mamba_ssm/ops/triton/ssd_combined.py", line 792, in forward
    causal_conv1d_fwd_function(rearrange_and_update_stride(xBC, "b s d -> b d s"),
                               ^^^^^^^^^^^^^^^^^^^^^^^^^^^^^^^^^^^^^^^^^^^^^^^^^^
  File "/home/erikg/.local/lib/python3.12/site-packages/mamba_ssm/ops/triton/ssd_combined.py", line 57, in rearrange_and_update_stride
    return tensor_rearranged.contiguous() if tensor_rearranged.stride(dim) % 8 != 0 else tensor_rearranged
           ^^^^^^^^^^^^^^^^^^^^^^^^^^^^^^
torch.OutOfMemoryError: CUDA out of memory. Tried to allocate 64.00 MiB. GPU 0 has a total capacity of 47.38 GiB of which 21.44 MiB is free. Process 3275060 has 12.97 GiB memory in use. Process 3276086 has 12.97 GiB memory in use. Process 3293820 has 7.67 GiB memory in use. Process 3294428 has 7.67 GiB memory in use. Including non-PyTorch memory, this process has 6.06 GiB memory in use. Of the allocated memory 5.33 GiB is allocated by PyTorch, and 237.93 MiB is reserved by PyTorch but unallocated. If reserved but unallocated memory is large try setting PYTORCH_CUDA_ALLOC_CONF=expandable_segments:True to avoid fragmentation.  See documentation for Memory Management  (https://pytorch.org/docs/stable/notes/cuda.html#environment-variables)
